<?xml version="1.0" encoding="UTF-8"?>
<coverage generated="1759482824334" clover="3.2.0">
  <project timestamp="1759482824334" name="All files">
    <metrics statements="126" coveredstatements="105" conditionals="144" coveredconditionals="98" methods="23" coveredmethods="21" elements="293" coveredelements="224" complexity="0" loc="126" ncloc="126" packages="1" files="1" classes="1"/>
    <file name="Login.vue" path="C:\Users\Dolly.Kukreja\Documents\crm-frontend\src\components\Views\Login.vue">
      <metrics statements="126" coveredstatements="105" conditionals="144" coveredconditionals="98" methods="23" coveredmethods="21"/>
      <line num="3" count="1" type="cond" truecount="3" falsecount="0"/>
      <line num="5" count="2" type="cond" truecount="1" falsecount="1"/>
      <line num="6" count="0" type="stmt"/>
      <line num="9" count="2" type="cond" truecount="1" falsecount="1"/>
      <line num="11" count="1" type="stmt"/>
      <line num="12" count="1" type="stmt"/>
      <line num="14" count="0" type="stmt"/>
      <line num="18" count="1" type="stmt"/>
      <line num="19" count="1" type="stmt"/>
      <line num="21" count="0" type="stmt"/>
      <line num="25" count="4" type="cond" truecount="2" falsecount="0"/>
      <line num="27" count="2" type="cond" truecount="2" falsecount="0"/>
      <line num="30" count="1" type="cond" truecount="3" falsecount="0"/>
      <line num="31" count="2" type="stmt"/>
      <line num="34" count="3" type="cond" truecount="2" falsecount="0"/>
      <line num="35" count="2" type="stmt"/>
      <line num="43" count="2" type="cond" truecount="1" falsecount="1"/>
      <line num="44" count="2" type="cond" truecount="2" falsecount="0"/>
      <line num="45" count="0" type="stmt"/>
      <line num="48" count="6" type="stmt"/>
      <line num="49" count="4" type="stmt"/>
      <line num="53" count="4" type="cond" truecount="1" falsecount="1"/>
      <line num="54" count="13" type="cond" truecount="3" falsecount="1"/>
      <line num="55" count="13" type="cond" truecount="2" falsecount="11"/>
      <line num="56" count="13" type="cond" truecount="1" falsecount="1"/>
      <line num="57" count="13" type="cond" truecount="4" falsecount="2"/>
      <line num="60" count="4" type="stmt"/>
      <line num="61" count="4" type="stmt"/>
      <line num="63" count="2" type="stmt"/>
      <line num="64" count="2" type="stmt"/>
      <line num="69" count="0" type="stmt"/>
      <line num="70" count="0" type="stmt"/>
      <line num="71" count="0" type="stmt"/>
      <line num="72" count="0" type="stmt"/>
      <line num="74" count="0" type="stmt"/>
      <line num="75" count="0" type="stmt"/>
      <line num="76" count="0" type="stmt"/>
      <line num="78" count="7" type="cond" truecount="7" falsecount="0"/>
      <line num="79" count="2" type="stmt"/>
      <line num="80" count="2" type="stmt"/>
      <line num="82" count="5" type="cond" truecount="6" falsecount="0"/>
      <line num="83" count="2" type="stmt"/>
      <line num="84" count="2" type="stmt"/>
      <line num="86" count="3" type="cond" truecount="4" falsecount="0"/>
      <line num="87" count="1" type="stmt"/>
      <line num="88" count="1" type="stmt"/>
      <line num="89" count="1" type="stmt"/>
      <line num="91" count="2" type="cond" truecount="3" falsecount="1"/>
      <line num="92" count="0" type="stmt"/>
      <line num="93" count="0" type="stmt"/>
      <line num="94" count="0" type="stmt"/>
      <line num="96" count="2" type="cond" truecount="1" falsecount="1"/>
      <line num="97" count="2" type="stmt"/>
      <line num="98" count="2" type="stmt"/>
      <line num="100" count="7" type="stmt"/>
      <line num="102" count="1" type="stmt"/>
      <line num="103" count="1" type="stmt"/>
      <line num="105" count="13" type="stmt"/>
      <line num="107" count="2" type="cond" truecount="1" falsecount="1"/>
      <line num="108" count="2" type="stmt"/>
      <line num="114" count="1" type="cond" truecount="3" falsecount="0"/>
      <line num="115" count="1" type="cond" truecount="3" falsecount="1"/>
      <line num="119" count="1" type="stmt"/>
      <line num="122" count="1" type="stmt"/>
      <line num="123" count="1" type="stmt"/>
      <line num="124" count="1" type="stmt"/>
      <line num="125" count="1" type="stmt"/>
      <line num="126" count="1" type="stmt"/>
      <line num="129" count="3" type="stmt"/>
      <line num="130" count="3" type="stmt"/>
      <line num="131" count="3" type="stmt"/>
      <line num="132" count="3" type="stmt"/>
      <line num="133" count="3" type="stmt"/>
      <line num="134" count="3" type="stmt"/>
      <line num="135" count="3" type="stmt"/>
      <line num="137" count="3" type="stmt"/>
      <line num="138" count="2" type="stmt"/>
      <line num="141" count="2" type="stmt"/>
      <line num="142" count="7" type="cond" truecount="4" falsecount="0"/>
      <line num="144" count="2" type="stmt"/>
      <line num="145" count="2" type="stmt"/>
      <line num="149" count="2" type="stmt"/>
      <line num="153" count="2" type="stmt"/>
      <line num="154" count="1" type="stmt"/>
      <line num="155" count="1" type="cond" truecount="4" falsecount="2"/>
      <line num="157" count="1" type="stmt"/>
      <line num="158" count="1" type="stmt"/>
      <line num="159" count="1" type="cond" truecount="3" falsecount="1"/>
      <line num="160" count="1" type="cond" truecount="3" falsecount="1"/>
      <line num="162" count="1" type="cond" truecount="1" falsecount="1"/>
      <line num="163" count="1" type="stmt"/>
      <line num="164" count="0" type="cond" truecount="0" falsecount="2"/>
      <line num="165" count="0" type="stmt"/>
      <line num="166" count="0" type="cond" truecount="0" falsecount="2"/>
      <line num="167" count="0" type="stmt"/>
      <line num="174" count="0" type="cond" truecount="0" falsecount="8"/>
      <line num="176" count="1" type="stmt"/>
      <line num="178" count="1" type="stmt"/>
      <line num="179" count="1" type="stmt"/>
      <line num="180" count="1" type="stmt"/>
      <line num="181" count="1" type="stmt"/>
      <line num="183" count="2" type="stmt"/>
      <line num="188" count="3" type="stmt"/>
      <line num="195" count="3" type="stmt"/>
      <line num="199" count="3" type="stmt"/>
      <line num="203" count="1" type="cond" truecount="3" falsecount="0"/>
      <line num="204" count="3" type="cond" truecount="2" falsecount="2"/>
      <line num="205" count="3" type="cond" truecount="3" falsecount="1"/>
      <line num="206" count="0" type="cond" truecount="0" falsecount="2"/>
      <line num="207" count="0" type="stmt"/>
      <line num="210" count="3" type="cond" truecount="2" falsecount="0"/>
      <line num="212" count="1" type="stmt"/>
      <line num="213" count="1" type="stmt"/>
      <line num="214" count="1" type="stmt"/>
      <line num="215" count="1" type="stmt"/>
      <line num="216" count="1" type="stmt"/>
      <line num="217" count="1" type="stmt"/>
      <line num="218" count="1" type="stmt"/>
      <line num="219" count="1" type="stmt"/>
      <line num="223" count="1" type="stmt"/>
      <line num="225" count="8" type="stmt"/>
      <line num="226" count="8" type="stmt"/>
      <line num="236" count="2" type="cond" truecount="2" falsecount="0"/>
      <line num="248" count="2" type="cond" truecount="2" falsecount="0"/>
      <line num="268" count="3" type="cond" truecount="2" falsecount="0"/>
      <line num="277" count="1" type="stmt"/>
    </file>
  </project>
</coverage>
