{"C:\\Users\\Dolly.Kukreja\\Documents\\crm-frontend\\src\\components\\Views\\Login.vue": {"path":"C:\\Users\\Dolly.Kukreja\\Documents\\crm-frontend\\src\\components\\Views\\Login.vue","statementMap":{"0":{"start":{"line":3,"column":16},"end":{"line":29,"column":1}},"1":{"start":{"line":5,"column":4},"end":{"line":7,"column":7}},"2":{"start":{"line":6,"column":6},"end":{"line":6,"column":21}},"3":{"start":{"line":9,"column":2},"end":{"line":28,"column":5}},"4":{"start":{"line":11,"column":6},"end":{"line":15,"column":7}},"5":{"start":{"line":12,"column":8},"end":{"line":12,"column":36}},"6":{"start":{"line":14,"column":8},"end":{"line":14,"column":18}},"7":{"start":{"line":18,"column":6},"end":{"line":22,"column":7}},"8":{"start":{"line":19,"column":8},"end":{"line":19,"column":40}},"9":{"start":{"line":21,"column":8},"end":{"line":21,"column":18}},"10":{"start":{"line":25,"column":6},"end":{"line":25,"column":90}},"11":{"start":{"line":27,"column":4},"end":{"line":27,"column":74}},"12":{"start":{"line":30,"column":18},"end":{"line":113,"column":1}},"13":{"start":{"line":31,"column":10},"end":{"line":39,"column":5}},"14":{"start":{"line":34,"column":8},"end":{"line":34,"column":33}},"15":{"start":{"line":34,"column":22},"end":{"line":34,"column":33}},"16":{"start":{"line":35,"column":8},"end":{"line":35,"column":20}},"17":{"start":{"line":43,"column":8},"end":{"line":43,"column":85}},"18":{"start":{"line":44,"column":2},"end":{"line":46,"column":8}},"19":{"start":{"line":45,"column":4},"end":{"line":45,"column":16}},"20":{"start":{"line":48,"column":4},"end":{"line":50,"column":6}},"21":{"start":{"line":49,"column":6},"end":{"line":49,"column":26}},"22":{"start":{"line":53,"column":4},"end":{"line":53,"column":66}},"23":{"start":{"line":53,"column":11},"end":{"line":53,"column":66}},"24":{"start":{"line":54,"column":4},"end":{"line":106,"column":5}},"25":{"start":{"line":54,"column":46},"end":{"line":106,"column":5}},"26":{"start":{"line":55,"column":6},"end":{"line":55,"column":163}},"27":{"start":{"line":55,"column":154},"end":{"line":55,"column":163}},"28":{"start":{"line":56,"column":6},"end":{"line":56,"column":46}},"29":{"start":{"line":56,"column":20},"end":{"line":56,"column":46}},"30":{"start":{"line":57,"column":6},"end":{"line":99,"column":7}},"31":{"start":{"line":60,"column":10},"end":{"line":60,"column":17}},"32":{"start":{"line":61,"column":10},"end":{"line":61,"column":16}},"33":{"start":{"line":63,"column":10},"end":{"line":63,"column":20}},"34":{"start":{"line":64,"column":10},"end":{"line":67,"column":12}},"35":{"start":{"line":69,"column":10},"end":{"line":69,"column":20}},"36":{"start":{"line":70,"column":10},"end":{"line":70,"column":20}},"37":{"start":{"line":71,"column":10},"end":{"line":71,"column":19}},"38":{"start":{"line":72,"column":10},"end":{"line":72,"column":19}},"39":{"start":{"line":74,"column":10},"end":{"line":74,"column":27}},"40":{"start":{"line":75,"column":10},"end":{"line":75,"column":23}},"41":{"start":{"line":76,"column":10},"end":{"line":76,"column":19}},"42":{"start":{"line":78,"column":10},"end":{"line":81,"column":11}},"43":{"start":{"line":79,"column":12},"end":{"line":79,"column":18}},"44":{"start":{"line":80,"column":12},"end":{"line":80,"column":21}},"45":{"start":{"line":82,"column":10},"end":{"line":85,"column":11}},"46":{"start":{"line":83,"column":12},"end":{"line":83,"column":28}},"47":{"start":{"line":84,"column":12},"end":{"line":84,"column":18}},"48":{"start":{"line":86,"column":10},"end":{"line":90,"column":11}},"49":{"start":{"line":87,"column":12},"end":{"line":87,"column":27}},"50":{"start":{"line":88,"column":12},"end":{"line":88,"column":19}},"51":{"start":{"line":89,"column":12},"end":{"line":89,"column":18}},"52":{"start":{"line":91,"column":10},"end":{"line":95,"column":11}},"53":{"start":{"line":92,"column":12},"end":{"line":92,"column":27}},"54":{"start":{"line":93,"column":12},"end":{"line":93,"column":27}},"55":{"start":{"line":94,"column":12},"end":{"line":94,"column":18}},"56":{"start":{"line":96,"column":10},"end":{"line":96,"column":32}},"57":{"start":{"line":96,"column":20},"end":{"line":96,"column":32}},"58":{"start":{"line":97,"column":10},"end":{"line":97,"column":23}},"59":{"start":{"line":98,"column":10},"end":{"line":98,"column":19}},"60":{"start":{"line":100,"column":6},"end":{"line":100,"column":33}},"61":{"start":{"line":102,"column":6},"end":{"line":102,"column":18}},"62":{"start":{"line":103,"column":6},"end":{"line":103,"column":12}},"63":{"start":{"line":105,"column":6},"end":{"line":105,"column":16}},"64":{"start":{"line":107,"column":4},"end":{"line":107,"column":31}},"65":{"start":{"line":107,"column":19},"end":{"line":107,"column":31}},"66":{"start":{"line":108,"column":4},"end":{"line":111,"column":6}},"67":{"start":{"line":114,"column":22},"end":{"line":118,"column":1}},"68":{"start":{"line":115,"column":2},"end":{"line":117,"column":4}},"69":{"start":{"line":119,"column":0},"end":{"line":121,"column":3}},"70":{"start":{"line":122,"column":12},"end":{"line":122,"column":26}},"71":{"start":{"line":123,"column":12},"end":{"line":123,"column":26}},"72":{"start":{"line":124,"column":14},"end":{"line":124,"column":47}},"73":{"start":{"line":125,"column":19},"end":{"line":125,"column":40}},"74":{"start":{"line":126,"column":0},"end":{"line":201,"column":3}},"75":{"start":{"line":129,"column":16},"end":{"line":129,"column":20}},"76":{"start":{"line":130,"column":19},"end":{"line":130,"column":28}},"77":{"start":{"line":131,"column":4},"end":{"line":131,"column":15}},"78":{"start":{"line":132,"column":19},"end":{"line":132,"column":37}},"79":{"start":{"line":133,"column":19},"end":{"line":133,"column":37}},"80":{"start":{"line":134,"column":16},"end":{"line":134,"column":34}},"81":{"start":{"line":135,"column":17},"end":{"line":135,"column":46}},"82":{"start":{"line":137,"column":16},"end":{"line":187,"column":5}},"83":{"start":{"line":138,"column":6},"end":{"line":186,"column":9}},"84":{"start":{"line":141,"column":8},"end":{"line":185,"column":11}},"85":{"start":{"line":142,"column":10},"end":{"line":184,"column":11}},"86":{"start":{"line":144,"column":14},"end":{"line":144,"column":39}},"87":{"start":{"line":145,"column":14},"end":{"line":148,"column":16}},"88":{"start":{"line":149,"column":14},"end":{"line":151,"column":24}},"89":{"start":{"line":153,"column":14},"end":{"line":153,"column":30}},"90":{"start":{"line":154,"column":14},"end":{"line":154,"column":35}},"91":{"start":{"line":155,"column":14},"end":{"line":175,"column":15}},"92":{"start":{"line":157,"column":16},"end":{"line":157,"column":51}},"93":{"start":{"line":158,"column":16},"end":{"line":158,"column":44}},"94":{"start":{"line":159,"column":16},"end":{"line":159,"column":105}},"95":{"start":{"line":160,"column":16},"end":{"line":160,"column":103}},"96":{"start":{"line":162,"column":16},"end":{"line":168,"column":17}},"97":{"start":{"line":163,"column":18},"end":{"line":163,"column":40}},"98":{"start":{"line":164,"column":23},"end":{"line":168,"column":17}},"99":{"start":{"line":165,"column":18},"end":{"line":165,"column":40}},"100":{"start":{"line":166,"column":23},"end":{"line":168,"column":17}},"101":{"start":{"line":167,"column":18},"end":{"line":167,"column":42}},"102":{"start":{"line":174,"column":16},"end":{"line":174,"column":156}},"103":{"start":{"line":176,"column":14},"end":{"line":176,"column":38}},"104":{"start":{"line":178,"column":14},"end":{"line":178,"column":32}},"105":{"start":{"line":179,"column":14},"end":{"line":179,"column":71}},"106":{"start":{"line":180,"column":14},"end":{"line":180,"column":35}},"107":{"start":{"line":181,"column":14},"end":{"line":181,"column":38}},"108":{"start":{"line":183,"column":14},"end":{"line":183,"column":36}},"109":{"start":{"line":188,"column":23},"end":{"line":194,"column":5}},"110":{"start":{"line":195,"column":4},"end":{"line":198,"column":7}},"111":{"start":{"line":199,"column":4},"end":{"line":199,"column":24}},"112":{"start":{"line":203,"column":20},"end":{"line":211,"column":1}},"113":{"start":{"line":204,"column":4},"end":{"line":209,"column":5}},"114":{"start":{"line":204,"column":40},"end":{"line":209,"column":5}},"115":{"start":{"line":204,"column":53},"end":{"line":204,"column":54}},"116":{"start":{"line":204,"column":60},"end":{"line":204,"column":71}},"117":{"start":{"line":205,"column":8},"end":{"line":208,"column":9}},"118":{"start":{"line":206,"column":12},"end":{"line":206,"column":65}},"119":{"start":{"line":206,"column":21},"end":{"line":206,"column":65}},"120":{"start":{"line":207,"column":12},"end":{"line":207,"column":28}},"121":{"start":{"line":210,"column":4},"end":{"line":210,"column":61}},"122":{"start":{"line":212,"column":0},"end":{"line":212,"column":62}},"123":{"start":{"line":213,"column":0},"end":{"line":213,"column":24}},"124":{"start":{"line":214,"column":12},"end":{"line":214,"column":26}},"125":{"start":{"line":215,"column":17},"end":{"line":215,"column":45}},"126":{"start":{"line":216,"column":17},"end":{"line":216,"column":40}},"127":{"start":{"line":217,"column":17},"end":{"line":217,"column":41}},"128":{"start":{"line":218,"column":17},"end":{"line":218,"column":41}},"129":{"start":{"line":219,"column":17},"end":{"line":222,"column":1}},"130":{"start":{"line":223,"column":17},"end":{"line":223,"column":41}},"131":{"start":{"line":225,"column":33},"end":{"line":225,"column":75}},"132":{"start":{"line":226,"column":4},"end":{"line":275,"column":8}},"133":{"start":{"line":236,"column":93},"end":{"line":236,"column":129}},"134":{"start":{"line":248,"column":93},"end":{"line":248,"column":129}},"135":{"start":{"line":268,"column":62},"end":{"line":270,"column":31}},"136":{"start":{"line":277,"column":1},"end":{"line":277,"column":48}}},"fnMap":{"0":{"name":"(anonymous_0)","decl":{"start":{"line":3,"column":42},"end":{"line":3,"column":43}},"loc":{"start":{"line":3,"column":87},"end":{"line":29,"column":1}},"line":3},"1":{"name":"adopt","decl":{"start":{"line":4,"column":11},"end":{"line":4,"column":16}},"loc":{"start":{"line":4,"column":24},"end":{"line":8,"column":3}},"line":4},"2":{"name":"(anonymous_2)","decl":{"start":{"line":5,"column":46},"end":{"line":5,"column":47}},"loc":{"start":{"line":5,"column":65},"end":{"line":7,"column":5}},"line":5},"3":{"name":"(anonymous_3)","decl":{"start":{"line":9,"column":34},"end":{"line":9,"column":35}},"loc":{"start":{"line":9,"column":61},"end":{"line":28,"column":3}},"line":9},"4":{"name":"fulfilled","decl":{"start":{"line":10,"column":13},"end":{"line":10,"column":22}},"loc":{"start":{"line":10,"column":30},"end":{"line":16,"column":5}},"line":10},"5":{"name":"rejected","decl":{"start":{"line":17,"column":13},"end":{"line":17,"column":21}},"loc":{"start":{"line":17,"column":29},"end":{"line":23,"column":5}},"line":17},"6":{"name":"step","decl":{"start":{"line":24,"column":13},"end":{"line":24,"column":17}},"loc":{"start":{"line":24,"column":26},"end":{"line":26,"column":5}},"line":24},"7":{"name":"(anonymous_7)","decl":{"start":{"line":30,"column":46},"end":{"line":30,"column":47}},"loc":{"start":{"line":30,"column":71},"end":{"line":113,"column":1}},"line":30},"8":{"name":"(anonymous_8)","decl":{"start":{"line":33,"column":12},"end":{"line":33,"column":13}},"loc":{"start":{"line":33,"column":24},"end":{"line":36,"column":7}},"line":33},"9":{"name":"(anonymous_9)","decl":{"start":{"line":44,"column":126},"end":{"line":44,"column":127}},"loc":{"start":{"line":44,"column":138},"end":{"line":46,"column":3}},"line":44},"10":{"name":"verb","decl":{"start":{"line":47,"column":11},"end":{"line":47,"column":15}},"loc":{"start":{"line":47,"column":19},"end":{"line":51,"column":3}},"line":47},"11":{"name":"(anonymous_11)","decl":{"start":{"line":48,"column":11},"end":{"line":48,"column":12}},"loc":{"start":{"line":48,"column":24},"end":{"line":50,"column":5}},"line":48},"12":{"name":"step","decl":{"start":{"line":52,"column":11},"end":{"line":52,"column":15}},"loc":{"start":{"line":52,"column":20},"end":{"line":112,"column":3}},"line":52},"13":{"name":"(anonymous_13)","decl":{"start":{"line":114,"column":54},"end":{"line":114,"column":55}},"loc":{"start":{"line":114,"column":69},"end":{"line":118,"column":1}},"line":114},"14":{"name":"(anonymous_14)","decl":{"start":{"line":128,"column":9},"end":{"line":128,"column":10}},"loc":{"start":{"line":128,"column":32},"end":{"line":200,"column":3}},"line":128},"15":{"name":"(anonymous_15)","decl":{"start":{"line":137,"column":16},"end":{"line":137,"column":17}},"loc":{"start":{"line":137,"column":28},"end":{"line":187,"column":5}},"line":137},"16":{"name":"(anonymous_16)","decl":{"start":{"line":138,"column":47},"end":{"line":138,"column":48}},"loc":{"start":{"line":138,"column":59},"end":{"line":186,"column":7}},"line":138},"17":{"name":"(anonymous_17)","decl":{"start":{"line":141,"column":33},"end":{"line":141,"column":34}},"loc":{"start":{"line":141,"column":47},"end":{"line":185,"column":9}},"line":141},"18":{"name":"(anonymous_18)","decl":{"start":{"line":203,"column":52},"end":{"line":203,"column":53}},"loc":{"start":{"line":203,"column":78},"end":{"line":211,"column":1}},"line":203},"19":{"name":"render","decl":{"start":{"line":224,"column":9},"end":{"line":224,"column":15}},"loc":{"start":{"line":224,"column":63},"end":{"line":276,"column":1}},"line":224},"20":{"name":"(anonymous_20)","decl":{"start":{"line":236,"column":73},"end":{"line":236,"column":74}},"loc":{"start":{"line":236,"column":91},"end":{"line":236,"column":131}},"line":236},"21":{"name":"(anonymous_21)","decl":{"start":{"line":248,"column":73},"end":{"line":248,"column":74}},"loc":{"start":{"line":248,"column":91},"end":{"line":248,"column":131}},"line":248},"22":{"name":"(anonymous_22)","decl":{"start":{"line":268,"column":48},"end":{"line":268,"column":49}},"loc":{"start":{"line":268,"column":60},"end":{"line":270,"column":33}},"line":268}},"branchMap":{"0":{"loc":{"start":{"line":3,"column":16},"end":{"line":29,"column":1}},"type":"binary-expr","locations":[{"start":{"line":3,"column":16},"end":{"line":3,"column":20}},{"start":{"line":3,"column":24},"end":{"line":3,"column":38}},{"start":{"line":3,"column":42},"end":{"line":29,"column":1}}],"line":3},"1":{"loc":{"start":{"line":5,"column":11},"end":{"line":7,"column":6}},"type":"cond-expr","locations":[{"start":{"line":5,"column":32},"end":{"line":5,"column":37}},{"start":{"line":5,"column":40},"end":{"line":7,"column":6}}],"line":5},"2":{"loc":{"start":{"line":9,"column":14},"end":{"line":9,"column":32}},"type":"binary-expr","locations":[{"start":{"line":9,"column":14},"end":{"line":9,"column":15}},{"start":{"line":9,"column":20},"end":{"line":9,"column":31}}],"line":9},"3":{"loc":{"start":{"line":25,"column":6},"end":{"line":25,"column":89}},"type":"cond-expr","locations":[{"start":{"line":25,"column":20},"end":{"line":25,"column":41}},{"start":{"line":25,"column":44},"end":{"line":25,"column":89}}],"line":25},"4":{"loc":{"start":{"line":27,"column":47},"end":{"line":27,"column":63}},"type":"binary-expr","locations":[{"start":{"line":27,"column":47},"end":{"line":27,"column":57}},{"start":{"line":27,"column":61},"end":{"line":27,"column":63}}],"line":27},"5":{"loc":{"start":{"line":30,"column":18},"end":{"line":113,"column":1}},"type":"binary-expr","locations":[{"start":{"line":30,"column":18},"end":{"line":30,"column":22}},{"start":{"line":30,"column":26},"end":{"line":30,"column":42}},{"start":{"line":30,"column":46},"end":{"line":113,"column":1}}],"line":30},"6":{"loc":{"start":{"line":34,"column":8},"end":{"line":34,"column":33}},"type":"if","locations":[{"start":{"line":34,"column":8},"end":{"line":34,"column":33}},{"start":{},"end":{}}],"line":34},"7":{"loc":{"start":{"line":43,"column":23},"end":{"line":43,"column":73}},"type":"cond-expr","locations":[{"start":{"line":43,"column":56},"end":{"line":43,"column":64}},{"start":{"line":43,"column":67},"end":{"line":43,"column":73}}],"line":43},"8":{"loc":{"start":{"line":44,"column":72},"end":{"line":46,"column":4}},"type":"binary-expr","locations":[{"start":{"line":44,"column":72},"end":{"line":44,"column":100}},{"start":{"line":44,"column":105},"end":{"line":46,"column":3}}],"line":44},"9":{"loc":{"start":{"line":53,"column":4},"end":{"line":53,"column":66}},"type":"if","locations":[{"start":{"line":53,"column":4},"end":{"line":53,"column":66}},{"start":{},"end":{}}],"line":53},"10":{"loc":{"start":{"line":54,"column":11},"end":{"line":54,"column":41}},"type":"binary-expr","locations":[{"start":{"line":54,"column":11},"end":{"line":54,"column":12}},{"start":{"line":54,"column":17},"end":{"line":54,"column":40}}],"line":54},"11":{"loc":{"start":{"line":54,"column":24},"end":{"line":54,"column":40}},"type":"binary-expr","locations":[{"start":{"line":54,"column":24},"end":{"line":54,"column":29}},{"start":{"line":54,"column":34},"end":{"line":54,"column":39}}],"line":54},"12":{"loc":{"start":{"line":55,"column":6},"end":{"line":55,"column":163}},"type":"if","locations":[{"start":{"line":55,"column":6},"end":{"line":55,"column":163}},{"start":{},"end":{}}],"line":55},"13":{"loc":{"start":{"line":55,"column":17},"end":{"line":55,"column":152}},"type":"binary-expr","locations":[{"start":{"line":55,"column":17},"end":{"line":55,"column":18}},{"start":{"line":55,"column":23},"end":{"line":55,"column":119}},{"start":{"line":55,"column":124},"end":{"line":55,"column":152}}],"line":55},"14":{"loc":{"start":{"line":55,"column":27},"end":{"line":55,"column":119}},"type":"cond-expr","locations":[{"start":{"line":55,"column":39},"end":{"line":55,"column":50}},{"start":{"line":55,"column":53},"end":{"line":55,"column":119}}],"line":55},"15":{"loc":{"start":{"line":55,"column":53},"end":{"line":55,"column":119}},"type":"cond-expr","locations":[{"start":{"line":55,"column":61},"end":{"line":55,"column":110}},{"start":{"line":55,"column":113},"end":{"line":55,"column":119}}],"line":55},"16":{"loc":{"start":{"line":55,"column":61},"end":{"line":55,"column":110}},"type":"binary-expr","locations":[{"start":{"line":55,"column":61},"end":{"line":55,"column":71}},{"start":{"line":55,"column":76},"end":{"line":55,"column":109}}],"line":55},"17":{"loc":{"start":{"line":55,"column":76},"end":{"line":55,"column":106}},"type":"binary-expr","locations":[{"start":{"line":55,"column":77},"end":{"line":55,"column":92}},{"start":{"line":55,"column":97},"end":{"line":55,"column":106}}],"line":55},"18":{"loc":{"start":{"line":56,"column":6},"end":{"line":56,"column":46}},"type":"if","locations":[{"start":{"line":56,"column":6},"end":{"line":56,"column":46}},{"start":{},"end":{}}],"line":56},"19":{"loc":{"start":{"line":57,"column":6},"end":{"line":99,"column":7}},"type":"switch","locations":[{"start":{"line":58,"column":8},"end":{"line":58,"column":15}},{"start":{"line":59,"column":8},"end":{"line":61,"column":16}},{"start":{"line":62,"column":8},"end":{"line":67,"column":12}},{"start":{"line":68,"column":8},"end":{"line":72,"column":19}},{"start":{"line":73,"column":8},"end":{"line":76,"column":19}},{"start":{"line":77,"column":8},"end":{"line":98,"column":19}}],"line":57},"20":{"loc":{"start":{"line":78,"column":10},"end":{"line":81,"column":11}},"type":"if","locations":[{"start":{"line":78,"column":10},"end":{"line":81,"column":11}},{"start":{},"end":{}}],"line":78},"21":{"loc":{"start":{"line":78,"column":14},"end":{"line":78,"column":96}},"type":"binary-expr","locations":[{"start":{"line":78,"column":14},"end":{"line":78,"column":64}},{"start":{"line":78,"column":69},"end":{"line":78,"column":80}},{"start":{"line":78,"column":84},"end":{"line":78,"column":95}}],"line":78},"22":{"loc":{"start":{"line":78,"column":32},"end":{"line":78,"column":63}},"type":"binary-expr","locations":[{"start":{"line":78,"column":32},"end":{"line":78,"column":44}},{"start":{"line":78,"column":48},"end":{"line":78,"column":63}}],"line":78},"23":{"loc":{"start":{"line":82,"column":10},"end":{"line":85,"column":11}},"type":"if","locations":[{"start":{"line":82,"column":10},"end":{"line":85,"column":11}},{"start":{},"end":{}}],"line":82},"24":{"loc":{"start":{"line":82,"column":14},"end":{"line":82,"column":65}},"type":"binary-expr","locations":[{"start":{"line":82,"column":14},"end":{"line":82,"column":25}},{"start":{"line":82,"column":30},"end":{"line":82,"column":32}},{"start":{"line":82,"column":36},"end":{"line":82,"column":48}},{"start":{"line":82,"column":52},"end":{"line":82,"column":64}}],"line":82},"25":{"loc":{"start":{"line":86,"column":10},"end":{"line":90,"column":11}},"type":"if","locations":[{"start":{"line":86,"column":10},"end":{"line":90,"column":11}},{"start":{},"end":{}}],"line":86},"26":{"loc":{"start":{"line":86,"column":14},"end":{"line":86,"column":43}},"type":"binary-expr","locations":[{"start":{"line":86,"column":14},"end":{"line":86,"column":25}},{"start":{"line":86,"column":29},"end":{"line":86,"column":43}}],"line":86},"27":{"loc":{"start":{"line":91,"column":10},"end":{"line":95,"column":11}},"type":"if","locations":[{"start":{"line":91,"column":10},"end":{"line":95,"column":11}},{"start":{},"end":{}}],"line":91},"28":{"loc":{"start":{"line":91,"column":14},"end":{"line":91,"column":33}},"type":"binary-expr","locations":[{"start":{"line":91,"column":14},"end":{"line":91,"column":15}},{"start":{"line":91,"column":19},"end":{"line":91,"column":33}}],"line":91},"29":{"loc":{"start":{"line":96,"column":10},"end":{"line":96,"column":32}},"type":"if","locations":[{"start":{"line":96,"column":10},"end":{"line":96,"column":32}},{"start":{},"end":{}}],"line":96},"30":{"loc":{"start":{"line":107,"column":4},"end":{"line":107,"column":31}},"type":"if","locations":[{"start":{"line":107,"column":4},"end":{"line":107,"column":31}},{"start":{},"end":{}}],"line":107},"31":{"loc":{"start":{"line":109,"column":13},"end":{"line":109,"column":35}},"type":"cond-expr","locations":[{"start":{"line":109,"column":21},"end":{"line":109,"column":26}},{"start":{"line":109,"column":29},"end":{"line":109,"column":35}}],"line":109},"32":{"loc":{"start":{"line":114,"column":22},"end":{"line":118,"column":1}},"type":"binary-expr","locations":[{"start":{"line":114,"column":22},"end":{"line":114,"column":26}},{"start":{"line":114,"column":30},"end":{"line":114,"column":50}},{"start":{"line":114,"column":54},"end":{"line":118,"column":1}}],"line":114},"33":{"loc":{"start":{"line":115,"column":9},"end":{"line":117,"column":3}},"type":"cond-expr","locations":[{"start":{"line":115,"column":33},"end":{"line":115,"column":36}},{"start":{"line":115,"column":39},"end":{"line":117,"column":3}}],"line":115},"34":{"loc":{"start":{"line":115,"column":9},"end":{"line":115,"column":30}},"type":"binary-expr","locations":[{"start":{"line":115,"column":9},"end":{"line":115,"column":12}},{"start":{"line":115,"column":16},"end":{"line":115,"column":30}}],"line":115},"35":{"loc":{"start":{"line":142,"column":10},"end":{"line":184,"column":11}},"type":"switch","locations":[{"start":{"line":143,"column":12},"end":{"line":151,"column":24}},{"start":{"line":152,"column":12},"end":{"line":176,"column":38}},{"start":{"line":177,"column":12},"end":{"line":181,"column":38}},{"start":{"line":182,"column":12},"end":{"line":183,"column":36}}],"line":142},"36":{"loc":{"start":{"line":155,"column":14},"end":{"line":175,"column":15}},"type":"if","locations":[{"start":{"line":155,"column":14},"end":{"line":175,"column":15}},{"start":{"line":173,"column":21},"end":{"line":175,"column":15}}],"line":155},"37":{"loc":{"start":{"line":155,"column":18},"end":{"line":155,"column":81}},"type":"cond-expr","locations":[{"start":{"line":155,"column":62},"end":{"line":155,"column":68}},{"start":{"line":155,"column":71},"end":{"line":155,"column":81}}],"line":155},"38":{"loc":{"start":{"line":155,"column":18},"end":{"line":155,"column":59}},"type":"binary-expr","locations":[{"start":{"line":155,"column":18},"end":{"line":155,"column":42}},{"start":{"line":155,"column":46},"end":{"line":155,"column":59}}],"line":155},"39":{"loc":{"start":{"line":159,"column":46},"end":{"line":159,"column":103}},"type":"cond-expr","locations":[{"start":{"line":159,"column":96},"end":{"line":159,"column":98}},{"start":{"line":159,"column":101},"end":{"line":159,"column":103}}],"line":159},"40":{"loc":{"start":{"line":159,"column":46},"end":{"line":159,"column":93}},"type":"binary-expr","locations":[{"start":{"line":159,"column":46},"end":{"line":159,"column":76}},{"start":{"line":159,"column":80},"end":{"line":159,"column":93}}],"line":159},"41":{"loc":{"start":{"line":160,"column":45},"end":{"line":160,"column":101}},"type":"cond-expr","locations":[{"start":{"line":160,"column":94},"end":{"line":160,"column":96}},{"start":{"line":160,"column":99},"end":{"line":160,"column":101}}],"line":160},"42":{"loc":{"start":{"line":160,"column":45},"end":{"line":160,"column":91}},"type":"binary-expr","locations":[{"start":{"line":160,"column":45},"end":{"line":160,"column":74}},{"start":{"line":160,"column":78},"end":{"line":160,"column":91}}],"line":160},"43":{"loc":{"start":{"line":162,"column":16},"end":{"line":168,"column":17}},"type":"if","locations":[{"start":{"line":162,"column":16},"end":{"line":168,"column":17}},{"start":{"line":164,"column":23},"end":{"line":168,"column":17}}],"line":162},"44":{"loc":{"start":{"line":164,"column":23},"end":{"line":168,"column":17}},"type":"if","locations":[{"start":{"line":164,"column":23},"end":{"line":168,"column":17}},{"start":{"line":166,"column":23},"end":{"line":168,"column":17}}],"line":164},"45":{"loc":{"start":{"line":166,"column":23},"end":{"line":168,"column":17}},"type":"if","locations":[{"start":{"line":166,"column":23},"end":{"line":168,"column":17}},{"start":{},"end":{}}],"line":166},"46":{"loc":{"start":{"line":174,"column":30},"end":{"line":174,"column":155}},"type":"cond-expr","locations":[{"start":{"line":174,"column":129},"end":{"line":174,"column":131}},{"start":{"line":174,"column":134},"end":{"line":174,"column":155}}],"line":174},"47":{"loc":{"start":{"line":174,"column":30},"end":{"line":174,"column":126}},"type":"binary-expr","locations":[{"start":{"line":174,"column":30},"end":{"line":174,"column":109}},{"start":{"line":174,"column":113},"end":{"line":174,"column":126}}],"line":174},"48":{"loc":{"start":{"line":174,"column":36},"end":{"line":174,"column":99}},"type":"cond-expr","locations":[{"start":{"line":174,"column":80},"end":{"line":174,"column":86}},{"start":{"line":174,"column":89},"end":{"line":174,"column":99}}],"line":174},"49":{"loc":{"start":{"line":174,"column":36},"end":{"line":174,"column":77}},"type":"binary-expr","locations":[{"start":{"line":174,"column":36},"end":{"line":174,"column":60}},{"start":{"line":174,"column":64},"end":{"line":174,"column":77}}],"line":174},"50":{"loc":{"start":{"line":203,"column":20},"end":{"line":211,"column":1}},"type":"binary-expr","locations":[{"start":{"line":203,"column":21},"end":{"line":203,"column":25}},{"start":{"line":203,"column":29},"end":{"line":203,"column":47}},{"start":{"line":203,"column":52},"end":{"line":211,"column":1}}],"line":203},"51":{"loc":{"start":{"line":204,"column":4},"end":{"line":209,"column":5}},"type":"if","locations":[{"start":{"line":204,"column":4},"end":{"line":209,"column":5}},{"start":{},"end":{}}],"line":204},"52":{"loc":{"start":{"line":204,"column":8},"end":{"line":204,"column":38}},"type":"binary-expr","locations":[{"start":{"line":204,"column":8},"end":{"line":204,"column":12}},{"start":{"line":204,"column":16},"end":{"line":204,"column":38}}],"line":204},"53":{"loc":{"start":{"line":205,"column":8},"end":{"line":208,"column":9}},"type":"if","locations":[{"start":{"line":205,"column":8},"end":{"line":208,"column":9}},{"start":{},"end":{}}],"line":205},"54":{"loc":{"start":{"line":205,"column":12},"end":{"line":205,"column":30}},"type":"binary-expr","locations":[{"start":{"line":205,"column":12},"end":{"line":205,"column":14}},{"start":{"line":205,"column":18},"end":{"line":205,"column":30}}],"line":205},"55":{"loc":{"start":{"line":206,"column":12},"end":{"line":206,"column":65}},"type":"if","locations":[{"start":{"line":206,"column":12},"end":{"line":206,"column":65}},{"start":{},"end":{}}],"line":206},"56":{"loc":{"start":{"line":210,"column":21},"end":{"line":210,"column":59}},"type":"binary-expr","locations":[{"start":{"line":210,"column":21},"end":{"line":210,"column":23}},{"start":{"line":210,"column":27},"end":{"line":210,"column":59}}],"line":210},"57":{"loc":{"start":{"line":228,"column":12},"end":{"line":228,"column":124}},"type":"binary-expr","locations":[{"start":{"line":228,"column":12},"end":{"line":228,"column":21}},{"start":{"line":228,"column":26},"end":{"line":228,"column":123}}],"line":228},"58":{"loc":{"start":{"line":234,"column":20},"end":{"line":234,"column":126}},"type":"binary-expr","locations":[{"start":{"line":234,"column":20},"end":{"line":234,"column":29}},{"start":{"line":234,"column":34},"end":{"line":234,"column":125}}],"line":234},"59":{"loc":{"start":{"line":236,"column":47},"end":{"line":236,"column":132}},"type":"binary-expr","locations":[{"start":{"line":236,"column":47},"end":{"line":236,"column":56}},{"start":{"line":236,"column":61},"end":{"line":236,"column":131}}],"line":236},"60":{"loc":{"start":{"line":246,"column":20},"end":{"line":246,"column":126}},"type":"binary-expr","locations":[{"start":{"line":246,"column":20},"end":{"line":246,"column":29}},{"start":{"line":246,"column":34},"end":{"line":246,"column":125}}],"line":246},"61":{"loc":{"start":{"line":248,"column":47},"end":{"line":248,"column":132}},"type":"binary-expr","locations":[{"start":{"line":248,"column":47},"end":{"line":248,"column":56}},{"start":{"line":248,"column":61},"end":{"line":248,"column":131}}],"line":248},"62":{"loc":{"start":{"line":257,"column":16},"end":{"line":260,"column":45}},"type":"binary-expr","locations":[{"start":{"line":257,"column":16},"end":{"line":257,"column":25}},{"start":{"line":257,"column":30},"end":{"line":260,"column":44}}],"line":257},"63":{"loc":{"start":{"line":262,"column":16},"end":{"line":264,"column":65}},"type":"cond-expr","locations":[{"start":{"line":263,"column":23},"end":{"line":263,"column":149}},{"start":{"line":264,"column":22},"end":{"line":264,"column":65}}],"line":262},"64":{"loc":{"start":{"line":268,"column":88},"end":{"line":270,"column":22}},"type":"binary-expr","locations":[{"start":{"line":268,"column":88},"end":{"line":268,"column":97}},{"start":{"line":268,"column":102},"end":{"line":270,"column":21}}],"line":268}},"s":{"0":1,"1":2,"2":0,"3":2,"4":1,"5":1,"6":0,"7":1,"8":1,"9":0,"10":4,"11":2,"12":1,"13":2,"14":3,"15":1,"16":2,"17":2,"18":2,"19":0,"20":6,"21":4,"22":4,"23":0,"24":4,"25":13,"26":13,"27":0,"28":13,"29":0,"30":13,"31":4,"32":4,"33":2,"34":2,"35":0,"36":0,"37":0,"38":0,"39":0,"40":0,"41":0,"42":7,"43":2,"44":2,"45":5,"46":2,"47":2,"48":3,"49":1,"50":1,"51":1,"52":2,"53":0,"54":0,"55":0,"56":2,"57":0,"58":2,"59":2,"60":7,"61":1,"62":1,"63":13,"64":2,"65":0,"66":2,"67":1,"68":1,"69":1,"70":1,"71":1,"72":1,"73":1,"74":1,"75":3,"76":3,"77":3,"78":3,"79":3,"80":3,"81":3,"82":3,"83":2,"84":2,"85":7,"86":2,"87":2,"88":2,"89":2,"90":1,"91":1,"92":1,"93":1,"94":1,"95":1,"96":1,"97":1,"98":0,"99":0,"100":0,"101":0,"102":0,"103":1,"104":1,"105":1,"106":1,"107":1,"108":2,"109":3,"110":3,"111":3,"112":1,"113":3,"114":3,"115":3,"116":3,"117":3,"118":0,"119":0,"120":0,"121":3,"122":1,"123":1,"124":1,"125":1,"126":1,"127":1,"128":1,"129":1,"130":1,"131":8,"132":8,"133":2,"134":2,"135":3,"136":1},"f":{"0":2,"1":2,"2":0,"3":2,"4":1,"5":1,"6":4,"7":2,"8":3,"9":0,"10":6,"11":4,"12":4,"13":1,"14":3,"15":2,"16":2,"17":7,"18":3,"19":8,"20":2,"21":2,"22":3},"b":{"0":[1,1,1],"1":[2,0],"2":[2,0],"3":[2,2],"4":[2,2],"5":[1,1,1],"6":[1,2],"7":[2,0],"8":[2,2],"9":[0,4],"10":[15,2],"11":[2,0],"12":[0,13],"13":[13,0,0],"14":[0,0],"15":[0,0],"16":[0,0],"17":[0,0],"18":[0,13],"19":[3,4,2,0,0,7],"20":[2,5],"21":[7,4,4],"22":[7,3],"23":[2,3],"24":[5,4,2,2],"25":[1,2],"26":[3,1],"27":[0,2],"28":[2,2],"29":[0,2],"30":[0,2],"31":[2,0],"32":[1,1,1],"33":[0,1],"34":[1,1],"35":[2,2,1,2],"36":[1,0],"37":[0,1],"38":[1,1],"39":[1,0],"40":[1,1],"41":[1,0],"42":[1,1],"43":[1,0],"44":[0,0],"45":[0,0],"46":[0,0],"47":[0,0],"48":[0,0],"49":[0,0],"50":[1,1,1],"51":[3,0],"52":[3,0],"53":[0,3],"54":[3,3],"55":[0,0],"56":[3,3],"57":[8,3],"58":[8,3],"59":[8,3],"60":[8,3],"61":[8,3],"62":[8,3],"63":[1,7],"64":[3,3]},"inputSourceMap":{"0":"{","1":"\"","2":"v","3":"e","4":"r","5":"s","6":"i","7":"o","8":"n","9":"\"","10":":","11":"3","12":",","13":"\"","14":"s","15":"o","16":"u","17":"r","18":"c","19":"e","20":"s","21":"\"","22":":","23":"[","24":"\"","25":"C","26":":","27":"/","28":"U","29":"s","30":"e","31":"r","32":"s","33":"/","34":"D","35":"o","36":"l","37":"l","38":"y","39":".","40":"K","41":"u","42":"k","43":"r","44":"e","45":"j","46":"a","47":"/","48":"D","49":"o","50":"c","51":"u","52":"m","53":"e","54":"n","55":"t","56":"s","57":"/","58":"c","59":"r","60":"m","61":"-","62":"f","63":"r","64":"o","65":"n","66":"t","67":"e","68":"n","69":"d","70":"/","71":"s","72":"r","73":"c","74":"/","75":"c","76":"o","77":"m","78":"p","79":"o","80":"n","81":"e","82":"n","83":"t","84":"s","85":"/","86":"V","87":"i","88":"e","89":"w","90":"s","91":"/","92":"L","93":"o","94":"g","95":"i","96":"n","97":".","98":"v","99":"u","100":"e","101":"\"","102":"]","103":",","104":"\"","105":"n","106":"a","107":"m","108":"e","109":"s","110":"\"","111":":","112":"[","113":"]","114":",","115":"\"","116":"m","117":"a","118":"p","119":"p","120":"i","121":"n","122":"g","123":"s","124":"\"","125":":","126":"\"","127":";","128":";","129":"A","130":"A","131":"g","132":"C","133":"A","134":",","135":"I","136":"A","137":"A","138":"I","139":",","140":"S","141":"A","142":"A","143":"S","144":",","145":"G","146":"A","147":"A","148":"I","149":",","150":"I","151":"A","152":"A","153":"I","154":",","155":"I","156":"A","157":"A","158":"I","159":",","160":"I","161":"A","162":"A","163":"I","164":",","165":"C","166":"A","167":"A","168":"C","169":",","170":"S","171":"A","172":"A","173":"S","174":",","175":"I","176":"A","177":"A","178":"K","179":",","180":"U","181":"A","182":"A","183":"U","184":",","185":"O","186":"A","187":"A","188":"O","189":",","190":"E","191":"A","192":"A","193":"E","194":",","195":"U","196":"A","197":"A","198":"U","199":",","200":"E","201":"A","202":"A","203":"E","204":",","205":"C","206":"A","207":"A","208":"C","209":",","210":"E","211":"A","212":"A","213":"E","214":",","215":"S","216":"A","217":"A","218":"S","219":",","220":"E","221":"A","222":"A","223":"E","224":";","225":"E","226":"A","227":"C","228":"r","229":"F","230":",","231":"S","232":"A","233":"A","234":"S","235":",","236":"K","237":"A","238":"A","239":"K","240":",","241":"C","242":"A","243":"A","244":"C","245":",","246":"K","247":"A","248":"A","249":"K","250":",","251":"E","252":"A","253":"A","254":"E","255":";","256":"I","257":"A","258":"A","259":"E","260":",","261":"O","262":"A","263":"A","264":"O","265":",","266":"K","267":"A","268":"A","269":"K","270":",","271":"Y","272":"A","273":"A","274":"Y","275":",","276":"C","277":"A","278":"A","279":"C","280":",","281":"G","282":"A","283":"A","284":"G","285":",","286":"K","287":"A","288":"A","289":"K","290":",","291":"G","292":"A","293":"A","294":"G","295":",","296":"I","297":"A","298":"A","299":"I","300":",","301":"C","302":"A","303":"A","304":"C","305":",","306":"C","307":"A","308":"A","309":"C","310":",","311":"U","312":"A","313":"A","314":"U","315":",","316":"O","317":"A","318":"A","319":"O","320":",","321":"E","322":"A","323":"A","324":"E","325":";","326":"M","327":"A","328":"A","329":"E","330":",","331":"O","332":"A","333":"A","334":"O","335":",","336":"C","337":"A","338":"A","339":"C","340":",","341":"K","342":"A","343":"A","344":"K","345":",","346":"C","347":"A","348":"A","349":"C","350":";","351":"I","352":"A","353":"A","354":"E","355":",","356":"C","357":"A","358":"A","359":"C","360":",","361":"C","362":"A","363":"A","364":"C","365":";","366":"E","367":"A","368":"A","369":"E","370":";","371":"E","372":"A","373":"C","374":"3","375":"G","376":",","377":"O","378":"A","379":"A","380":"O","381":",","382":"K","383":"A","384":"A","385":"K","386":",","387":"C","388":"A","389":"A","390":"C","391":",","392":"K","393":"A","394":"A","395":"K","396":",","397":"C","398":"A","399":"A","400":"C","401":",","402":"G","403":"A","404":"A","405":"G","406":",","407":"O","408":"A","409":"A","410":"O","411":",","412":"C","413":"A","414":"A","415":"C","416":",","417":"E","418":"A","419":"A","420":"E","421":",","422":"U","423":"A","424":"A","425":"U","426":",","427":"O","428":"A","429":"A","430":"O","431":",","432":"E","433":"A","434":"A","435":"E","436":",","437":"M","438":"A","439":"A","440":"M","441":",","442":"E","443":"A","444":"A","445":"E","446":";","447":"I","448":"A","449":"C","450":"v","451":"D","452":",","453":"S","454":"A","455":"A","456":"S","457":",","458":"S","459":"A","460":"A","461":"S","462":",","463":"C","464":"A","465":"A","466":"C","467":",","468":"K","469":"A","470":"A","471":"K","472":",","473":"E","474":"A","475":"A","476":"E","477":";","478":"M","479":"A","480":"A","481":"E","482":",","483":"I","484":"A","485":"A","486":"I","487":";","488":"Q","489":"A","490":"A","491":"E","492":",","493":"I","494":"A","495":"A","496":"I","497":",","498":"C","499":"A","500":"A","501":"C","502":",","503":"S","504":"A","505":"A","506":"S","507":",","508":"C","509":"A","510":"A","511":"C","512":",","513":"I","514":"A","515":"A","516":"I","517":",","518":"C","519":"A","520":"A","521":"C","522":",","523":"K","524":"A","525":"A","526":"K","527":",","528":"C","529":"A","530":"A","531":"C","532":",","533":"C","534":"A","535":"A","536":"C","537":";","538":"M","539":"A","540":"A","541":"E","542":",","543":"C","544":"A","545":"A","546":"C","547":",","548":"C","549":"A","550":"A","551":"C","552":",","553":"O","554":"A","555":"A","556":"O","557":",","558":"C","559":"A","560":"A","561":"C","562":",","563":"E","564":"A","565":"A","566":"E","567":";","568":"Q","569":"A","570":"A","571":"E","572":",","573":"M","574":"A","575":"A","576":"M","577":",","578":"C","579":"A","580":"A","581":"C","582":",","583":"C","584":"A","585":"A","586":"C","587":",","588":"C","589":"A","590":"A","591":"C","592":";","593":"M","594":"A","595":"A","596":"E","597":";","598":"I","599":"A","600":"A","601":"E","602":";","603":"I","604":"A","605":"C","606":"1","607":"F","608":",","609":"S","610":"A","611":"A","612":"S","613":",","614":"Q","615":"A","616":"A","617":"Q","618":",","619":"C","620":"A","621":"A","622":"C","623":",","624":"K","625":"A","626":"A","627":"K","628":",","629":"E","630":"A","631":"A","632":"E","633":";","634":"M","635":"A","636":"A","637":"E","638":",","639":"I","640":"A","641":"A","642":"I","643":";","644":"Q","645":"A","646":"A","647":"E","648":",","649":"I","650":"A","651":"A","652":"I","653":",","654":"C","655":"A","656":"A","657":"C","658":",","659":"S","660":"A","661":"A","662":"S","663":",","664":"C","665":"A","666":"A","667":"C","668":",","669":"O","670":"A","671":"A","672":"O","673":",","674":"C","675":"A","676":"A","677":"C","678":",","679":"C","680":"A","681":"A","682":"C","683":",","684":"K","685":"A","686":"A","687":"K","688":",","689":"C","690":"A","691":"A","692":"C","693":",","694":"C","695":"A","696":"A","697":"C","698":";","699":"M","700":"A","701":"A","702":"E","703":",","704":"C","705":"A","706":"A","707":"C","708":",","709":"C","710":"A","711":"A","712":"C","713":",","714":"O","715":"A","716":"A","717":"O","718":",","719":"C","720":"A","721":"A","722":"C","723":",","724":"E","725":"A","726":"A","727":"E","728":";","729":"Q","730":"A","731":"A","732":"E","733":",","734":"M","735":"A","736":"A","737":"M","738":",","739":"C","740":"A","741":"A","742":"C","743":",","744":"C","745":"A","746":"A","747":"C","748":",","749":"C","750":"A","751":"A","752":"C","753":";","754":"M","755":"A","756":"A","757":"E","758":";","759":"I","760":"A","761":"A","762":"E","763":";","764":"I","765":"A","766":"Q","767":"7","768":"F","769":",","770":"S","771":"A","772":"A","773":"S","774":",","775":"I","776":"A","777":"A","778":"I","779":",","780":"C","781":"A","782":"A","783":"C","784":",","785":"M","786":"A","787":"A","788":"M","789":",","790":"E","791":"A","792":"A","793":"E","794":";","795":"M","796":"A","797":"A","798":"E","799":",","800":"M","801":"A","802":"A","803":"M","804":",","805":"C","806":"A","807":"A","808":"C","809":",","810":"I","811":"A","812":"A","813":"I","814":",","815":"G","816":"A","817":"A","818":"G","819":",","820":"O","821":"A","822":"A","823":"O","824":",","825":"C","826":"A","827":"A","828":"C","829":",","830":"M","831":"A","832":"A","833":"M","834":",","835":"C","836":"A","837":"A","838":"C","839":",","840":"K","841":"A","842":"A","843":"K","844":",","845":"C","846":"A","847":"A","848":"C","849":",","850":"G","851":"A","852":"A","853":"G","854":",","855":"K","856":"A","857":"A","858":"K","859":",","860":"C","861":"A","862":"A","863":"C","864":",","865":"M","866":"A","867":"A","868":"M","869":",","870":"C","871":"A","872":"A","873":"C","874":",","875":"K","876":"A","877":"A","878":"K","879":",","880":"C","881":"A","882":"A","883":"C","884":",","885":"C","886":"A","887":"A","888":"C","889":",","890":"I","891":"A","892":"A","893":"I","894":",","895":"C","896":"A","897":"A","898":"C","899":",","900":"S","901":"A","902":"A","903":"S","904":",","905":"E","906":"A","907":"A","908":"E","909":",","910":"Q","911":"A","912":"A","913":"Q","914":",","915":"C","916":"A","917":"A","918":"C","919":";","920":"I","921":"A","922":"A","923":"E","924":";","925":"I","926":"A","927":"C","928":"7","929":"G","930":",","931":"I","932":"A","933":"A","934":"I","935":",","936":"C","937":"A","938":"A","939":"C","940":",","941":"C","942":"A","943":"A","944":"C","945":",","946":"S","947":"A","948":"A","949":"S","950":",","951":"G","952":"A","953":"A","954":"G","955":",","956":"S","957":"A","958":"A","959":"S","960":",","961":"C","962":"A","963":"A","964":"C","965":",","966":"K","967":"A","968":"A","969":"K","970":",","971":"C","972":"A","973":"A","974":"C","975":",","976":"O","977":"A","978":"A","979":"O","980":",","981":"E","982":"A","983":"A","984":"E","985":",","986":"U","987":"A","988":"A","989":"U","990":",","991":"I","992":"A","993":"A","994":"I","995":",","996":"E","997":"A","998":"A","999":"E","1000":",","1001":"C","1002":"A","1003":"A","1004":"C","1005":",","1006":"E","1007":"A","1008":"A","1009":"E","1010":",","1011":"I","1012":"A","1013":"A","1014":"I","1015":",","1016":"C","1017":"A","1018":"A","1019":"C","1020":",","1021":"C","1022":"A","1023":"A","1024":"C","1025":",","1026":"C","1027":"A","1028":"A","1029":"C","1030":";","1031":"E","1032":"A","1033":"C","1034":"z","1035":"E","1036":",","1037":"C","1038":"A","1039":"A","1040":"C","1041":",","1042":"C","1043":"A","1044":"A","1045":"C","1046":";","1047":"A","1048":"A","1049":"C","1050":"N","1051":",","1052":"C","1053":"A","1054":"A","1055":"C","1056":";","1057":"A","1058":"A","1059":"C","1060":"D","1061":",","1062":"I","1063":"A","1064":"A","1065":"I","1066":",","1067":"W","1068":"A","1069":"A","1070":"W","1071":",","1072":"G","1073":"A","1074":"A","1075":"I","1076":",","1077":"I","1078":"A","1079":"A","1080":"I","1081":",","1082":"I","1083":"A","1084":"A","1085":"I","1086":",","1087":"I","1088":"A","1089":"A","1090":"I","1091":",","1092":"C","1093":"A","1094":"A","1095":"C","1096":",","1097":"W","1098":"A","1099":"A","1100":"W","1101":",","1102":"I","1103":"A","1104":"A","1105":"K","1106":",","1107":"U","1108":"A","1109":"A","1110":"U","1111":",","1112":"O","1113":"A","1114":"A","1115":"O","1116":",","1117":"E","1118":"A","1119":"A","1120":"E","1121":",","1122":"I","1123":"A","1124":"A","1125":"I","1126":",","1127":"E","1128":"A","1129":"A","1130":"E","1131":";","1132":"E","1133":"A","1134":"C","1135":"r","1136":"E","1137":",","1138":"I","1139":"A","1140":"A","1141":"I","1142":",","1143":"C","1144":"A","1145":"A","1146":"C","1147":",","1148":"G","1149":"A","1150":"A","1151":"G","1152":";","1153":"M","1154":"A","1155":"A","1156":"E","1157":",","1158":"K","1159":"A","1160":"A","1161":"K","1162":",","1163":"E","1164":"A","1165":"A","1166":"E","1167":",","1168":"C","1169":"A","1170":"A","1171":"C","1172":";","1173":"M","1174":"A","1175":"A","1176":"E","1177":",","1178":"I","1179":"A","1180":"A","1181":"I","1182":",","1183":"E","1184":"A","1185":"A","1186":"E","1187":",","1188":"Y","1189":"A","1190":"A","1191":"W","1192":";","1193":"Q","1194":"A","1195":"A","1196":"E","1197":",","1198":"I","1199":"A","1200":"A","1201":"I","1202":",","1203":"C","1204":"A","1205":"A","1206":"C","1207":",","1208":"C","1209":"A","1210":"A","1211":"C","1212":",","1213":"C","1214":"A","1215":"A","1216":"C","1217":",","1218":"C","1219":"A","1220":"A","1221":"C","1222":",","1223":"G","1224":"A","1225":"A","1226":"G","1227":",","1228":"C","1229":"A","1230":"A","1231":"C","1232":",","1233":"E","1234":"A","1235":"A","1236":"E","1237":",","1238":"M","1239":"A","1240":"A","1241":"M","1242":",","1243":"C","1244":"A","1245":"A","1246":"C","1247":",","1248":"C","1249":"A","1250":"A","1251":"C","1252":",","1253":"C","1254":"A","1255":"A","1256":"C","1257":",","1258":"C","1259":"A","1260":"A","1261":"C","1262":";","1263":"Q","1264":"A","1265":"A","1266":"E","1267":",","1268":"O","1269":"A","1270":"A","1271":"O","1272":",","1273":"C","1274":"A","1275":"A","1276":"C","1277":",","1278":"C","1279":"A","1280":"A","1281":"C","1282":",","1283":"C","1284":"A","1285":"A","1286":"C","1287":",","1288":"C","1289":"A","1290":"A","1291":"C","1292":";","1293":"M","1294":"A","1295":"A","1296":"E","1297":",","1298":"C","1299":"A","1300":"A","1301":"C","1302":";","1303":"M","1304":"A","1305":"A","1306":"E","1307":",","1308":"I","1309":"A","1310":"A","1311":"I","1312":",","1313":"E","1314":"A","1315":"A","1316":"E","1317":",","1318":"E","1319":"A","1320":"A","1321":"E","1322":";","1323":"M","1324":"A","1325":"A","1326":"E","1327":",","1328":"G","1329":"A","1330":"A","1331":"G","1332":",","1333":"E","1334":"A","1335":"A","1336":"E","1337":";","1338":"I","1339":"A","1340":"A","1341":"G","1342":",","1343":"C","1344":"A","1345":"A","1346":"C","1347":";","1348":"I","1349":"A","1350":"A","1351":"E","1352":",","1353":"C","1354":"A","1355":"A","1356":"C","1357":";","1358":"I","1359":"A","1360":"A","1361":"E","1362":",","1363":"C","1364":"A","1365":"A","1366":"C","1367":";","1368":"I","1369":"A","1370":"A","1371":"E","1372":",","1373":"C","1374":"A","1375":"A","1376":"C","1377":";","1378":"I","1379":"A","1380":"A","1381":"E","1382":",","1383":"C","1384":"A","1385":"A","1386":"C","1387":",","1388":"G","1389":"A","1390":"A","1391":"G","1392":",","1393":"M","1394":"A","1395":"A","1396":"M","1397":",","1398":"C","1399":"A","1400":"A","1401":"C","1402":",","1403":"M","1404":"A","1405":"A","1406":"M","1407":",","1408":"C","1409":"A","1410":"A","1411":"C","1412":",","1413":"C","1414":"A","1415":"A","1416":"C","1417":",","1418":"O","1419":"A","1420":"A","1421":"O","1422":",","1423":"Q","1424":"A","1425":"A","1426":"Q","1427":",","1428":"K","1429":"A","1430":"A","1431":"K","1432":",","1433":"U","1434":"A","1435":"A","1436":"U","1437":",","1438":"G","1439":"A","1440":"A","1441":"G","1442":",","1443":"Q","1444":"A","1445":"A","1446":"Q","1447":",","1448":"G","1449":"A","1450":"A","1451":"G","1452":",","1453":"M","1454":"A","1455":"A","1456":"M","1457":",","1458":"E","1459":"A","1460":"A","1461":"E","1462":",","1463":"S","1464":"A","1465":"A","1466":"S","1467":",","1468":"C","1469":"A","1470":"A","1471":"C","1472":";","1473":"E","1474":"A","1475":"C","1476":"h","1477":"M","1478":",","1479":"O","1480":"A","1481":"A","1482":"O","1483":",","1484":"C","1485":"A","1486":"A","1487":"C","1488":",","1489":"C","1490":"A","1491":"A","1492":"C","1493":",","1494":"I","1495":"A","1496":"A","1497":"I","1498":",","1499":"G","1500":"A","1501":"A","1502":"G","1503":",","1504":"I","1505":"A","1506":"A","1507":"I","1508":",","1509":"C","1510":"A","1511":"A","1512":"C","1513":",","1514":"C","1515":"A","1516":"A","1517":"C","1518":",","1519":"C","1520":"A","1521":"A","1522":"C","1523":",","1524":"E","1525":"A","1526":"A","1527":"E","1528":",","1529":"C","1530":"A","1531":"A","1532":"C","1533":",","1534":"C","1535":"A","1536":"A","1537":"C","1538":",","1539":"O","1540":"A","1541":"A","1542":"O","1543":",","1544":"C","1545":"A","1546":"A","1547":"C","1548":",","1549":"G","1550":"A","1551":"A","1552":"G","1553":",","1554":"I","1555":"A","1556":"A","1557":"I","1558":",","1559":"C","1560":"A","1561":"A","1562":"C","1563":",","1564":"C","1565":"A","1566":"A","1567":"C","1568":",","1569":"C","1570":"A","1571":"A","1572":"C","1573":",","1574":"E","1575":"A","1576":"A","1577":"E","1578":",","1579":"C","1580":"A","1581":"A","1582":"C","1583":",","1584":"C","1585":"A","1586":"A","1587":"C","1588":",","1589":"Q","1590":"A","1591":"A","1592":"Q","1593":",","1594":"C","1595":"A","1596":"A","1597":"C","1598":",","1599":"G","1600":"A","1601":"A","1602":"G","1603":",","1604":"I","1605":"A","1606":"A","1607":"I","1608":",","1609":"C","1610":"A","1611":"A","1612":"C","1613":",","1614":"C","1615":"A","1616":"A","1617":"C","1618":",","1619":"C","1620":"A","1621":"A","1622":"C","1623":",","1624":"E","1625":"A","1626":"A","1627":"E","1628":",","1629":"O","1630":"A","1631":"A","1632":"O","1633":",","1634":"M","1635":"A","1636":"A","1637":"M","1638":",","1639":"K","1640":"A","1641":"A","1642":"K","1643":",","1644":"U","1645":"A","1646":"A","1647":"U","1648":",","1649":"K","1650":"A","1651":"A","1652":"K","1653":",","1654":"C","1655":"A","1656":"A","1657":"C","1658":",","1659":"C","1660":"A","1661":"A","1662":"C","1663":",","1664":"M","1665":"A","1666":"A","1667":"M","1668":",","1669":"C","1670":"A","1671":"A","1672":"C","1673":",","1674":"Q","1675":"A","1676":"A","1677":"Q","1678":",","1679":"C","1680":"A","1681":"A","1682":"C","1683":",","1684":"G","1685":"A","1686":"A","1687":"G","1688":",","1689":"Y","1690":"A","1691":"A","1692":"W","1693":";","1694":"I","1695":"A","1696":"A","1697":"E","1698":",","1699":"O","1700":"A","1701":"A","1702":"O","1703":",","1704":"I","1705":"A","1706":"A","1707":"I","1708":";","1709":"E","1710":"A","1711":"A","1712":"E","1713":",","1714":"C","1715":"A","1716":"A","1717":"C","1718":",","1719":"C","1720":"A","1721":"A","1722":"C","1723":",","1724":"E","1725":"A","1726":"A","1727":"E","1728":",","1729":"C","1730":"A","1731":"A","1732":"C","1733":";","1734":";","1735":";","1736":";","1737":";","1738":";","1739":";","1740":";","1741":";","1742":";","1743":"M","1744":"A","1745":"n","1746":"B","1747":"n","1748":"J","1749":",","1750":"I","1751":"A","1752":"A","1753":"I","1754":",","1755":"C","1756":"A","1757":"A","1758":"C","1759":",","1760":"G","1761":"A","1762":"A","1763":"G","1764":",","1765":"C","1766":"A","1767":"A","1768":"C","1769":",","1770":"E","1771":"A","1772":"A","1773":"E","1774":",","1775":"C","1776":"A","1777":"A","1778":"C","1779":",","1780":"E","1781":"A","1782":"A","1783":"E","1784":",","1785":"E","1786":"A","1787":"A","1788":"E","1789":",","1790":"G","1791":"A","1792":"A","1793":"G","1794":",","1795":"C","1796":"A","1797":"A","1798":"C","1799":",","1800":"E","1801":"A","1802":"A","1803":"E","1804":",","1805":"C","1806":"A","1807":"A","1808":"C","1809":",","1810":"C","1811":"A","1812":"A","1813":"C","1814":",","1815":"C","1816":"A","1817":"A","1818":"C","1819":",","1820":"G","1821":"A","1822":"A","1823":"G","1824":",","1825":"C","1826":"A","1827":"A","1828":"C","1829":",","1830":"E","1831":"A","1832":"A","1833":"E","1834":",","1835":"C","1836":"A","1837":"A","1838":"C","1839":",","1840":"C","1841":"A","1842":"A","1843":"C","1844":",","1845":"K","1846":"A","1847":"A","1848":"K","1849":",","1850":"C","1851":"A","1852":"A","1853":"C","1854":";","1855":"M","1856":"A","1857":"M","1858":"v","1859":"C","1860":",","1861":"Q","1862":"A","1863":"A","1864":"Q","1865":",","1866":"E","1867":"A","1868":"A","1869":"E","1870":",","1871":"C","1872":"A","1873":"A","1874":"C","1875":",","1876":"C","1877":"A","1878":"A","1879":"C","1880":",","1881":"C","1882":"A","1883":"A","1884":"C","1885":";","1886":"Q","1887":"A","1888":"C","1889":"T","1890":",","1891":"K","1892":"A","1893":"A","1894":"K","1895":",","1896":"C","1897":"A","1898":"A","1899":"C","1900":";","1901":"Q","1902":"A","1903":"A","1904":"E","1905":",","1906":"K","1907":"A","1908":"A","1909":"K","1910":",","1911":"C","1912":"A","1913":"A","1914":"C","1915":";","1916":"U","1917":"A","1918":"A","1919":"E","1920":",","1921":"C","1922":"A","1923":"A","1924":"C","1925":",","1926":"G","1927":"A","1928":"A","1929":"G","1930":",","1931":"E","1932":"A","1933":"A","1934":"E","1935":";","1936":"U","1937":"A","1938":"A","1939":"E","1940":";","1941":"Q","1942":"A","1943":"C","1944":"x","1945":"B","1946":",","1947":"K","1948":"A","1949":"A","1950":"K","1951":",","1952":"C","1953":"A","1954":"A","1955":"C","1956":";","1957":"U","1958":"A","1959":"A","1960":"E","1961":",","1962":"C","1963":"A","1964":"A","1965":"C","1966":",","1967":"C","1968":"A","1969":"A","1970":"C","1971":",","1972":"K","1973":"A","1974":"A","1975":"K","1976":",","1977":"E","1978":"A","1979":"A","1980":"E","1981":";","1982":"U","1983":"A","1984":"A","1985":"E","1986":",","1987":"O","1988":"A","1989":"A","1990":"O","1991":";","1992":"Y","1993":"A","1994":"A","1995":"E","1996":",","1997":"K","1998":"A","1999":"A","2000":"K","2001":",","2002":"E","2003":"A","2004":"A","2005":"E","2006":",","2007":"E","2008":"A","2009":"A","2010":"E","2011":",","2012":"C","2013":"A","2014":"A","2015":"C","2016":",","2017":"C","2018":"A","2019":"A","2020":"C","2021":",","2022":"C","2023":"A","2024":"A","2025":"C","2026":";","2027":"Y","2028":"A","2029":"A","2030":"E","2031":",","2032":"I","2033":"A","2034":"A","2035":"I","2036":",","2037":"E","2038":"A","2039":"A","2040":"E","2041":";","2042":"U","2043":"A","2044":"A","2045":"M","2046":",","2047":"C","2048":"A","2049":"A","2050":"C","2051":";","2052":"Q","2053":"A","2054":"C","2055":"v","2056":"D","2057":",","2058":"K","2059":"A","2060":"A","2061":"K","2062":",","2063":"C","2064":"A","2065":"A","2066":"C","2067":";","2068":"U","2069":"A","2070":"A","2071":"E","2072":",","2073":"C","2074":"A","2075":"A","2076":"C","2077":",","2078":"C","2079":"A","2080":"A","2081":"C","2082":",","2083":"K","2084":"A","2085":"A","2086":"K","2087":",","2088":"E","2089":"A","2090":"A","2091":"E","2092":";","2093":"U","2094":"A","2095":"A","2096":"E","2097":",","2098":"C","2099":"A","2100":"A","2101":"C","2102":",","2103":"G","2104":"A","2105":"A","2106":"G","2107":",","2108":"E","2109":"A","2110":"A","2111":"E","2112":",","2113":"C","2114":"A","2115":"A","2116":"C","2117":",","2118":"C","2119":"A","2120":"A","2121":"C","2122":",","2123":"C","2124":"A","2125":"A","2126":"C","2127":";","2128":"U","2129":"A","2130":"A","2131":"E","2132":",","2133":"E","2134":"A","2135":"A","2136":"E","2137":",","2138":"G","2139":"A","2140":"A","2141":"G","2142":",","2143":"C","2144":"A","2145":"A","2146":"C","2147":",","2148":"C","2149":"A","2150":"A","2151":"C","2152":",","2153":"C","2154":"A","2155":"A","2156":"C","2157":";","2158":"U","2159":"A","2160":"A","2161":"E","2162":";","2163":"Q","2164":"A","2165":"C","2166":"x","2167":"C","2168":",","2169":"K","2170":"A","2171":"A","2172":"K","2173":",","2174":"C","2175":"A","2176":"A","2177":"C","2178":";","2179":"U","2180":"A","2181":"A","2182":"E","2183":",","2184":"E","2185":"A","2186":"A","2187":"E","2188":",","2189":"G","2190":"A","2191":"A","2192":"G","2193":",","2194":"C","2195":"A","2196":"A","2197":"C","2198":",","2199":"C","2200":"A","2201":"A","2202":"C","2203":",","2204":"G","2205":"A","2206":"A","2207":"G","2208":",","2209":"C","2210":"A","2211":"A","2212":"C","2213":",","2214":"G","2215":"A","2216":"A","2217":"G","2218":",","2219":"C","2220":"A","2221":"A","2222":"C","2223":",","2224":"C","2225":"A","2226":"A","2227":"C","2228":";","2229":"U","2230":"A","2231":"A","2232":"E","2233":",","2234":"C","2235":"A","2236":"A","2237":"C","2238":",","2239":"C","2240":"A","2241":"A","2242":"C","2243":",","2244":"I","2245":"A","2246":"A","2247":"I","2248":",","2249":"C","2250":"A","2251":"A","2252":"C","2253":",","2254":"G","2255":"A","2256":"A","2257":"G","2258":",","2259":"C","2260":"A","2261":"A","2262":"C","2263":",","2264":"C","2265":"A","2266":"A","2267":"C","2268":";","2269":"U","2270":"A","2271":"A","2272":"E","2273":";","2274":"Q","2275":"A","2276":"C","2277":"x","2278":"C","2279":";","2280":"U","2281":"A","2282":"C","2283":"I","2284":",","2285":"I","2286":"A","2287":"A","2288":"I","2289":",","2290":"E","2291":"A","2292":"A","2293":"E","2294":",","2295":"C","2296":"A","2297":"A","2298":"C","2299":",","2300":"G","2301":"A","2302":"A","2303":"G","2304":",","2305":"C","2306":"A","2307":"A","2308":"C","2309":",","2310":"C","2311":"A","2312":"A","2313":"C","2314":",","2315":"I","2316":"A","2317":"A","2318":"I","2319":",","2320":"E","2321":"A","2322":"A","2323":"E","2324":",","2325":"C","2326":"A","2327":"A","2328":"C","2329":",","2330":"G","2331":"A","2332":"A","2333":"G","2334":",","2335":"C","2336":"A","2337":"A","2338":"C","2339":",","2340":"C","2341":"A","2342":"A","2343":"C","2344":",","2345":"M","2346":"A","2347":"A","2348":"M","2349":",","2350":"G","2351":"A","2352":"A","2353":"G","2354":",","2355":"C","2356":"A","2357":"A","2358":"C","2359":",","2360":"I","2361":"A","2362":"A","2363":"I","2364":",","2365":"C","2366":"A","2367":"A","2368":"C","2369":",","2370":"C","2371":"A","2372":"A","2373":"C","2374":",","2375":"C","2376":"A","2377":"A","2378":"C","2379":",","2380":"C","2381":"A","2382":"A","2383":"C","2384":",","2385":"M","2386":"A","2387":"A","2388":"M","2389":",","2390":"G","2391":"A","2392":"A","2393":"G","2394":",","2395":"C","2396":"A","2397":"A","2398":"C","2399":",","2400":"C","2401":"A","2402":"A","2403":"C","2404":",","2405":"C","2406":"A","2407":"A","2408":"C","2409":",","2410":"K","2411":"A","2412":"A","2413":"K","2414":",","2415":"E","2416":"A","2417":"A","2418":"E","2419":",","2420":"C","2421":"A","2422":"A","2423":"C","2424":",","2425":"C","2426":"A","2427":"A","2428":"C","2429":",","2430":"C","2431":"A","2432":"A","2433":"C","2434":",","2435":"K","2436":"A","2437":"A","2438":"K","2439":",","2440":"C","2441":"A","2442":"A","2443":"C","2444":",","2445":"I","2446":"A","2447":"A","2448":"I","2449":",","2450":"E","2451":"A","2452":"A","2453":"E","2454":",","2455":"C","2456":"A","2457":"A","2458":"C","2459":",","2460":"C","2461":"A","2462":"A","2463":"C","2464":",","2465":"C","2466":"A","2467":"A","2468":"C","2469":",","2470":"K","2471":"A","2472":"A","2473":"K","2474":",","2475":"C","2476":"A","2477":"A","2478":"C","2479":",","2480":"C","2481":"A","2482":"A","2483":"C","2484":",","2485":"E","2486":"A","2487":"A","2488":"E","2489":";","2490":"Y","2491":"A","2492":"A","2493":"E","2494":",","2495":"C","2496":"A","2497":"A","2498":"C","2499":",","2500":"G","2501":"A","2502":"A","2503":"G","2504":",","2505":"C","2506":"A","2507":"A","2508":"C","2509":";","2510":"Y","2511":"A","2512":"A","2513":"E","2514":";","2515":"U","2516":"A","2517":"A","2518":"U","2519":";","2520":"U","2521":"A","2522":"Q","2523":"3","2524":"G","2525":",","2526":"I","2527":"A","2528":"A","2529":"I","2530":",","2531":"E","2532":"A","2533":"A","2534":"E","2535":",","2536":"C","2537":"A","2538":"A","2539":"C","2540":",","2541":"C","2542":"A","2543":"A","2544":"C","2545":",","2546":"C","2547":"A","2548":"A","2549":"C","2550":",","2551":"K","2552":"A","2553":"A","2554":"K","2555":",","2556":"C","2557":"A","2558":"A","2559":"C","2560":",","2561":"K","2562":"A","2563":"A","2564":"K","2565":",","2566":"C","2567":"A","2568":"A","2569":"C","2570":",","2571":"C","2572":"A","2573":"A","2574":"C","2575":",","2576":"I","2577":"A","2578":"A","2579":"K","2580":",","2581":"E","2582":"A","2583":"A","2584":"E","2585":",","2586":"C","2587":"A","2588":"A","2589":"C","2590":",","2591":"C","2592":"A","2593":"A","2594":"C","2595":",","2596":"C","2597":"A","2598":"A","2599":"C","2600":",","2601":"G","2602":"A","2603":"A","2604":"G","2605":",","2606":"C","2607":"A","2608":"A","2609":"C","2610":",","2611":"C","2612":"A","2613":"A","2614":"C","2615":",","2616":"C","2617":"A","2618":"A","2619":"C","2620":",","2621":"C","2622":"A","2623":"A","2624":"C","2625":",","2626":"I","2627":"A","2628":"A","2629":"I","2630":",","2631":"E","2632":"A","2633":"A","2634":"E","2635":",","2636":"C","2637":"A","2638":"A","2639":"C","2640":",","2641":"C","2642":"A","2643":"A","2644":"C","2645":",","2646":"C","2647":"A","2648":"A","2649":"C","2650":",","2651":"G","2652":"A","2653":"A","2654":"G","2655":",","2656":"C","2657":"A","2658":"A","2659":"C","2660":",","2661":"C","2662":"A","2663":"A","2664":"C","2665":",","2666":"C","2667":"A","2668":"A","2669":"C","2670":",","2671":"C","2672":"A","2673":"A","2674":"E","2675":",","2676":"C","2677":"A","2678":"A","2679":"C","2680":",","2681":"E","2682":"A","2683":"A","2684":"E","2685":";","2686":"Y","2687":"A","2688":"A","2689":"E","2690":",","2691":"C","2692":"A","2693":"A","2694":"C","2695":",","2696":"C","2697":"A","2698":"A","2699":"C","2700":",","2701":"K","2702":"A","2703":"A","2704":"K","2705":",","2706":"G","2707":"A","2708":"A","2709":"G","2710":",","2711":"E","2712":"A","2713":"A","2714":"E","2715":",","2716":"C","2717":"A","2718":"A","2719":"C","2720":",","2721":"C","2722":"A","2723":"A","2724":"C","2725":",","2726":"C","2727":"A","2728":"A","2729":"C","2730":";","2731":"Y","2732":"A","2733":"A","2734":"E","2735":";","2736":"U","2737":"A","2738":"A","2739":"O","2740":";","2741":"U","2742":"A","2743":"C","2744":"r","2745":"F","2746":",","2747":"I","2748":"A","2749":"A","2750":"I","2751":",","2752":"E","2753":"A","2754":"A","2755":"E","2756":",","2757":"C","2758":"A","2759":"A","2760":"C","2761":",","2762":"C","2763":"A","2764":"A","2765":"C","2766":",","2767":"C","2768":"A","2769":"A","2770":"C","2771":",","2772":"K","2773":"A","2774":"A","2775":"K","2776":",","2777":"C","2778":"A","2779":"A","2780":"C","2781":",","2782":"I","2783":"A","2784":"A","2785":"I","2786":",","2787":"C","2788":"A","2789":"A","2790":"C","2791":",","2792":"C","2793":"A","2794":"A","2795":"C","2796":",","2797":"K","2798":"A","2799":"A","2800":"K","2801":",","2802":"G","2803":"A","2804":"A","2805":"G","2806":",","2807":"C","2808":"A","2809":"A","2810":"C","2811":",","2812":"C","2813":"A","2814":"A","2815":"C","2816":",","2817":"C","2818":"A","2819":"A","2820":"C","2821":",","2822":"C","2823":"A","2824":"A","2825":"C","2826":",","2827":"E","2828":"A","2829":"A","2830":"E","2831":";","2832":"Y","2833":"A","2834":"A","2835":"E","2836":",","2837":"C","2838":"A","2839":"A","2840":"C","2841":",","2842":"C","2843":"A","2844":"A","2845":"C","2846":",","2847":"K","2848":"A","2849":"A","2850":"K","2851":",","2852":"G","2853":"A","2854":"A","2855":"G","2856":",","2857":"C","2858":"A","2859":"A","2860":"C","2861":",","2862":"C","2863":"A","2864":"A","2865":"C","2866":",","2867":"C","2868":"A","2869":"A","2870":"C","2871":",","2872":"C","2873":"A","2874":"A","2875":"C","2876":";","2877":"Y","2878":"A","2879":"A","2880":"E","2881":",","2882":"C","2883":"A","2884":"A","2885":"C","2886":",","2887":"G","2888":"A","2889":"A","2890":"G","2891":",","2892":"E","2893":"A","2894":"A","2895":"E","2896":";","2897":"Y","2898":"A","2899":"A","2900":"E","2901":";","2902":"U","2903":"A","2904":"A","2905":"O","2906":";","2907":"U","2908":"A","2909":"C","2910":"p","2911":"E","2912":",","2913":"I","2914":"A","2915":"A","2916":"I","2917":",","2918":"C","2919":"A","2920":"A","2921":"C","2922":",","2923":"I","2924":"A","2925":"A","2926":"I","2927":",","2928":"C","2929":"A","2930":"A","2931":"C","2932":",","2933":"C","2934":"A","2935":"A","2936":"C","2937":",","2938":"K","2939":"A","2940":"A","2941":"K","2942":",","2943":"G","2944":"A","2945":"A","2946":"G","2947":",","2948":"C","2949":"A","2950":"A","2951":"C","2952":",","2953":"C","2954":"A","2955":"A","2956":"C","2957":",","2958":"C","2959":"A","2960":"A","2961":"C","2962":",","2963":"C","2964":"A","2965":"A","2966":"C","2967":",","2968":"E","2969":"A","2970":"A","2971":"E","2972":";","2973":"Y","2974":"A","2975":"A","2976":"E","2977":",","2978":"C","2979":"A","2980":"A","2981":"C","2982":",","2983":"C","2984":"A","2985":"A","2986":"C","2987":",","2988":"K","2989":"A","2990":"A","2991":"K","2992":",","2993":"G","2994":"A","2995":"A","2996":"G","2997":",","2998":"C","2999":"A","3000":"A","3001":"C","3002":",","3003":"C","3004":"A","3005":"A","3006":"C","3007":",","3008":"C","3009":"A","3010":"A","3011":"C","3012":",","3013":"C","3014":"A","3015":"A","3016":"C","3017":";","3018":"Y","3019":"A","3020":"A","3021":"E","3022":",","3023":"C","3024":"A","3025":"A","3026":"C","3027":",","3028":"C","3029":"A","3030":"A","3031":"C","3032":",","3033":"G","3034":"A","3035":"A","3036":"G","3037":",","3038":"C","3039":"A","3040":"A","3041":"C","3042":",","3043":"I","3044":"A","3045":"A","3046":"I","3047":",","3048":"C","3049":"A","3050":"A","3051":"C","3052":",","3053":"E","3054":"A","3055":"A","3056":"E","3057":",","3058":"C","3059":"A","3060":"A","3061":"C","3062":";","3063":"Y","3064":"A","3065":"A","3066":"E","3067":";","3068":"U","3069":"A","3070":"A","3071":"O","3072":";","3073":"U","3074":"A","3075":"C","3076":"l","3077":"E","3078":",","3079":"I","3080":"A","3081":"A","3082":"I","3083":",","3084":"C","3085":"A","3086":"A","3087":"C","3088":",","3089":"C","3090":"A","3091":"A","3092":"C","3093":",","3094":"C","3095":"A","3096":"A","3097":"C","3098":",","3099":"C","3100":"A","3101":"A","3102":"C","3103":",","3104":"E","3105":"A","3106":"A","3107":"E","3108":",","3109":"C","3110":"A","3111":"A","3112":"C","3113":",","3114":"C","3115":"A","3116":"A","3117":"C","3118":",","3119":"G","3120":"A","3121":"A","3122":"G","3123":",","3124":"C","3125":"A","3126":"A","3127":"C","3128":",","3129":"G","3130":"A","3131":"A","3132":"G","3133":",","3134":"C","3135":"A","3136":"A","3137":"C","3138":",","3139":"C","3140":"A","3141":"A","3142":"C","3143":";","3144":"U","3145":"A","3146":"C","3147":"r","3148":"B","3149":",","3150":"C","3151":"A","3152":"A","3153":"C","3154":",","3155":"C","3156":"A","3157":"A","3158":"C","3159":",","3160":"I","3161":"A","3162":"A","3163":"I","3164":",","3165":"C","3166":"A","3167":"A","3168":"C","3169":",","3170":"G","3171":"A","3172":"A","3173":"G","3174":",","3175":"C","3176":"A","3177":"A","3178":"C","3179":",","3180":"C","3181":"A","3182":"A","3183":"C","3184":";","3185":"U","3186":"A","3187":"A","3188":"E","3189":";","3190":"M","3191":"A","3192":"C","3193":"t","3194":"B","3195":";","3196":"M","3197":"A","3198":"C","3199":"A","3200":",","3201":"E","3202":"A","3203":"A","3204":"E","3205":",","3206":"G","3207":"A","3208":"A","3209":"G","3210":",","3211":"I","3212":"A","3213":"A","3214":"I","3215":",","3216":"C","3217":"A","3218":"A","3219":"C","3220":",","3221":"I","3222":"A","3223":"A","3224":"I","3225":",","3226":"C","3227":"A","3228":"A","3229":"C","3230":",","3231":"O","3232":"A","3233":"A","3234":"O","3235":",","3236":"E","3237":"A","3238":"A","3239":"E","3240":",","3241":"C","3242":"A","3243":"A","3244":"C","3245":",","3246":"C","3247":"A","3248":"A","3249":"C","3250":";","3251":"I","3252":"A","3253":"C","3254":"9","3255":"B","3256":",","3257":"C","3258":"A","3259":"A","3260":"C","3261":",","3262":"C","3263":"A","3264":"A","3265":"C","3266":",","3267":"O","3268":"A","3269":"A","3270":"O","3271":",","3272":"C","3273":"A","3274":"A","3275":"C","3276":",","3277":"E","3278":"A","3279":"A","3280":"E","3281":";","3282":"M","3283":"A","3284":"A","3285":"E","3286":",","3287":"E","3288":"A","3289":"A","3290":"E","3291":",","3292":"G","3293":"A","3294":"A","3295":"G","3296":",","3297":"C","3298":"A","3299":"A","3300":"C","3301":",","3302":"C","3303":"A","3304":"A","3305":"C","3306":",","3307":"E","3308":"A","3309":"A","3310":"E","3311":",","3312":"C","3313":"A","3314":"A","3315":"C","3316":",","3317":"C","3318":"A","3319":"A","3320":"C","3321":";","3322":"M","3323":"A","3324":"A","3325":"E","3326":",","3327":"C","3328":"A","3329":"A","3330":"C","3331":",","3332":"G","3333":"A","3334":"A","3335":"G","3336":",","3337":"C","3338":"A","3339":"A","3340":"C","3341":";","3342":"I","3343":"A","3344":"A","3345":"E","3346":",","3347":"C","3348":"A","3349":"A","3350":"C","3351":",","3352":"S","3353":"A","3354":"A","3355":"S","3356":";","3357":"M","3358":"A","3359":"A","3360":"E","3361":",","3362":"C","3363":"A","3364":"A","3365":"C","3366":",","3367":"G","3368":"A","3369":"A","3370":"G","3371":",","3372":"C","3373":"A","3374":"A","3375":"C","3376":",","3377":"G","3378":"A","3379":"A","3380":"G","3381":",","3382":"C","3383":"A","3384":"A","3385":"C","3386":";","3387":"I","3388":"A","3389":"A","3390":"E","3391":";","3392":"I","3393":"A","3394":"C","3395":"z","3396":"D","3397":",","3398":"I","3399":"A","3400":"A","3401":"I","3402":",","3403":"E","3404":"A","3405":"A","3406":"E","3407":",","3408":"C","3409":"A","3410":"A","3411":"C","3412":",","3413":"C","3414":"A","3415":"A","3416":"C","3417":",","3418":"C","3419":"A","3420":"A","3421":"C","3422":",","3423":"G","3424":"A","3425":"A","3426":"G","3427":",","3428":"C","3429":"A","3430":"A","3431":"C","3432":",","3433":"E","3434":"A","3435":"A","3436":"E","3437":",","3438":"M","3439":"A","3440":"A","3441":"M","3442":",","3443":"E","3444":"A","3445":"A","3446":"E","3447":",","3448":"C","3449":"A","3450":"A","3451":"C","3452":",","3453":"C","3454":"A","3455":"A","3456":"C","3457":",","3458":"C","3459":"A","3460":"A","3461":"C","3462":";","3463":"I","3464":"A","3465":"A","3466":"E","3467":",","3468":"O","3469":"A","3470":"A","3471":"O","3472":";","3473":"M","3474":"A","3475":"A","3476":"E","3477":",","3478":"K","3479":"A","3480":"A","3481":"K","3482":",","3483":"E","3484":"A","3485":"A","3486":"E","3487":",","3488":"E","3489":"A","3490":"A","3491":"E","3492":",","3493":"C","3494":"A","3495":"A","3496":"C","3497":",","3498":"C","3499":"A","3500":"A","3501":"C","3502":",","3503":"C","3504":"A","3505":"A","3506":"C","3507":",","3508":"G","3509":"A","3510":"A","3511":"G","3512":",","3513":"E","3514":"A","3515":"A","3516":"E","3517":",","3518":"C","3519":"A","3520":"A","3521":"C","3522":",","3523":"C","3524":"A","3525":"A","3526":"C","3527":",","3528":"C","3529":"A","3530":"A","3531":"C","3532":",","3533":"G","3534":"A","3535":"A","3536":"G","3537":",","3538":"K","3539":"A","3540":"A","3541":"K","3542":",","3543":"C","3544":"A","3545":"A","3546":"C","3547":";","3548":"M","3549":"A","3550":"A","3551":"E","3552":",","3553":"I","3554":"A","3555":"A","3556":"I","3557":",","3558":"E","3559":"A","3560":"A","3561":"E","3562":";","3563":"I","3564":"A","3565":"A","3566":"K","3567":",","3568":"C","3569":"A","3570":"A","3571":"C","3572":";","3573":"E","3574":"A","3575":"C","3576":"p","3577":"F","3578":";","3579":"A","3580":"A","3581":"C","3582":"J","3583":",","3584":"C","3585":"A","3586":"A","3587":"C","3588":";","3589":"A","3590":"A","3591":"C","3592":"D","3593":",","3594":"I","3595":"A","3596":"A","3597":"I","3598":",","3599":"e","3600":"A","3601":"A","3602":"e","3603":",","3604":"G","3605":"A","3606":"A","3607":"I","3608":",","3609":"I","3610":"A","3611":"A","3612":"I","3613":",","3614":"I","3615":"A","3616":"A","3617":"I","3618":",","3619":"I","3620":"A","3621":"A","3622":"I","3623":",","3624":"C","3625":"A","3626":"A","3627":"C","3628":",","3629":"e","3630":"A","3631":"A","3632":"e","3633":",","3634":"I","3635":"A","3636":"A","3637":"K","3638":",","3639":"U","3640":"A","3641":"A","3642":"U","3643":",","3644":"G","3645":"A","3646":"A","3647":"G","3648":",","3649":"E","3650":"A","3651":"A","3652":"E","3653":";","3654":"E","3655":"A","3656":"C","3657":"n","3658":"E","3659":",","3660":"O","3661":"A","3662":"A","3663":"Q","3664":",","3665":"G","3666":"A","3667":"A","3668":"G","3669":",","3670":"I","3671":"A","3672":"A","3673":"I","3674":",","3675":"G","3676":"A","3677":"A","3678":"G","3679":",","3680":"C","3681":"A","3682":"A","3683":"C","3684":",","3685":"U","3686":"A","3687":"A","3688":"U","3689":",","3690":"G","3691":"A","3692":"A","3693":"I","3694":",","3695":"G","3696":"A","3697":"A","3698":"G","3699":",","3700":"G","3701":"A","3702":"A","3703":"G","3704":";","3705":"I","3706":"A","3707":"A","3708":"E","3709":",","3710":"S","3711":"A","3712":"A","3713":"S","3714":",","3715":"E","3716":"A","3717":"A","3718":"E","3719":";","3720":"E","3721":"A","3722":"A","3723":"I","3724":",","3725":"C","3726":"A","3727":"A","3728":"C","3729":";","3730":"A","3731":"A","3732":"C","3733":"7","3734":"D","3735":",","3736":"C","3737":"A","3738":"A","3739":"C","3740":";","3741":"A","3742":"A","3743":"C","3744":"D","3745":",","3746":"M","3747":"A","3748":"A","3749":"M","3750":",","3751":"C","3752":"A","3753":"A","3754":"C","3755":",","3756":"c","3757":"A","3758":"A","3759":"c","3760":",","3761":"C","3762":"A","3763":"A","3764":"C","3765":",","3766":"O","3767":"A","3768":"A","3769":"O","3770":",","3771":"E","3772":"A","3773":"A","3774":"E","3775":",","3776":"Y","3777":"A","3778":"A","3779":"Y","3780":",","3781":"E","3782":"A","3783":"A","3784":"E","3785":";","3786":"E","3787":"A","3788":"A","3789":"E","3790":",","3791":"K","3792":"A","3793":"A","3794":"K","3795":",","3796":"E","3797":"A","3798":"A","3799":"E","3800":";","3801":"A","3802":"A","3803":"A","3804":"K","3805":",","3806":"C","3807":"A","3808":"A","3809":"C","3810":",","3811":"C","3812":"A","3813":"A","3814":"C","3815":";","3816":"A","3817":"A","3818":"C","3819":"7","3820":"D","3821":",","3822":"I","3823":"A","3824":"A","3825":"I","3826":",","3827":"K","3828":"A","3829":"A","3830":"K","3831":",","3832":"G","3833":"A","3834":"A","3835":"G","3836":",","3837":"O","3838":"A","3839":"A","3840":"O","3841":",","3842":"C","3843":"A","3844":"A","3845":"C","3846":",","3847":"K","3848":"A","3849":"A","3850":"K","3851":",","3852":"C","3853":"A","3854":"A","3855":"C","3856":";","3857":"A","3858":"A","3859":"C","3860":"1","3861":"B","3862":",","3863":"I","3864":"A","3865":"A","3866":"I","3867":",","3868":"K","3869":"A","3870":"A","3871":"K","3872":",","3873":"G","3874":"A","3875":"A","3876":"G","3877":",","3878":"O","3879":"A","3880":"A","3881":"O","3882":",","3883":"C","3884":"A","3885":"A","3886":"C","3887":",","3888":"K","3889":"A","3890":"A","3891":"K","3892":",","3893":"C","3894":"A","3895":"A","3896":"C","3897":";","3898":"A","3899":"A","3900":"C","3901":"1","3902":"B","3903":",","3904":"I","3905":"A","3906":"A","3907":"I","3908":",","3909":"O","3910":"A","3911":"A","3912":"O","3913":",","3914":"G","3915":"A","3916":"A","3917":"G","3918":",","3919":"e","3920":"A","3921":"A","3922":"e","3923":",","3924":"C","3925":"A","3926":"A","3927":"C","3928":",","3929":"O","3930":"A","3931":"A","3932":"O","3933":",","3934":"C","3935":"A","3936":"A","3937":"C","3938":",","3939":"O","3940":"A","3941":"A","3942":"O","3943":",","3944":"C","3945":"A","3946":"A","3947":"C","3948":",","3949":"C","3950":"A","3951":"A","3952":"C","3953":";","3954":"A","3955":"A","3956":"C","3957":"/","3958":"C","3959":",","3960":"I","3961":"A","3962":"A","3963":"I","3964":",","3965":"Y","3966":"A","3967":"A","3968":"Y","3969":",","3970":"G","3971":"A","3972":"A","3973":"G","3974":",","3975":"O","3976":"A","3977":"A","3978":"O","3979":",","3980":"C","3981":"A","3982":"A","3983":"C","3984":",","3985":"Y","3986":"A","3987":"A","3988":"Y","3989":",","3990":"C","3991":"A","3992":"A","3993":"C","3994":";","3995":"A","3996":"A","3997":"C","3998":"x","3999":"C","4000":",","4001":"O","4002":"A","4003":"A","4004":"O","4005":",","4006":"C","4007":"A","4008":"A","4009":"C","4010":",","4011":"O","4012":"A","4013":"A","4014":"O","4015":",","4016":"G","4017":"A","4018":"A","4019":"G","4020":",","4021":"C","4022":"A","4023":"A","4024":"C","4025":",","4026":"C","4027":"A","4028":"A","4029":"C","4030":",","4031":"E","4032":"A","4033":"A","4034":"E","4035":",","4036":"K","4037":"A","4038":"A","4039":"K","4040":",","4041":"C","4042":"A","4043":"A","4044":"C","4045":",","4046":"e","4047":"A","4048":"A","4049":"e","4050":",","4051":"E","4052":"A","4053":"A","4054":"E","4055":";","4056":"E","4057":"A","4058":"C","4059":"z","4060":"C","4061":",","4062":"M","4063":"A","4064":"A","4065":"M","4066":",","4067":"E","4068":"A","4069":"A","4070":"E","4071":",","4072":"O","4073":"A","4074":"A","4075":"O","4076":";","4077":"E","4078":"A","4079":"C","4080":"f","4081":",","4082":"K","4083":"A","4084":"A","4085":"K","4086":",","4087":"E","4088":"A","4089":"A","4090":"E","4091":",","4092":"U","4093":"A","4094":"A","4095":"U","4096":",","4097":"O","4098":"A","4099":"A","4100":"O","4101":",","4102":"E","4103":"A","4104":"A","4105":"E","4106":",","4107":"E","4108":"A","4109":"A","4110":"E","4111":",","4112":"E","4113":"A","4114":"A","4115":"E","4116":";","4117":"I","4118":"A","4119":"C","4120":"1","4121":"B","4122":",","4123":"I","4124":"A","4125":"A","4126":"I","4127":",","4128":"K","4129":"A","4130":"A","4131":"K","4132":",","4133":"G","4134":"A","4135":"A","4136":"G","4137":",","4138":"I","4139":"A","4140":"A","4141":"I","4142":";","4143":"I","4144":"A","4145":"C","4146":"h","4147":"B","4148":",","4149":"I","4150":"A","4151":"A","4152":"I","4153":",","4154":"Q","4155":"A","4156":"A","4157":"Q","4158":",","4159":"G","4160":"A","4161":"A","4162":"G","4163":",","4164":"E","4165":"A","4166":"A","4167":"E","4168":",","4169":"C","4170":"A","4171":"A","4172":"C","4173":",","4174":"M","4175":"A","4176":"A","4177":"M","4178":";","4179":"I","4180":"A","4181":"C","4182":"x","4183":"B","4184":",","4185":"Q","4186":"A","4187":"A","4188":"Q","4189":",","4190":"C","4191":"A","4192":"A","4193":"C","4194":",","4195":"C","4196":"A","4197":"A","4198":"C","4199":";","4200":"I","4201":"A","4202":"C","4203":"V","4204":",","4205":"I","4206":"A","4207":"A","4208":"I","4209":",","4210":"Q","4211":"A","4212":"A","4213":"Q","4214":",","4215":"G","4216":"A","4217":"A","4218":"G","4219":",","4220":"C","4221":"A","4222":"A","4223":"C","4224":",","4225":"C","4226":"A","4227":"A","4228":"C","4229":",","4230":"E","4231":"A","4232":"A","4233":"E","4234":",","4235":"K","4236":"A","4237":"A","4238":"K","4239":",","4240":"C","4241":"A","4242":"A","4243":"C","4244":",","4245":"G","4246":"A","4247":"A","4248":"G","4249":",","4250":"E","4251":"A","4252":"A","4253":"E","4254":",","4255":"E","4256":"A","4257":"A","4258":"E","4259":",","4260":"C","4261":"A","4262":"A","4263":"C","4264":";","4265":"I","4266":"A","4267":"C","4268":"j","4269":"C","4270":",","4271":"I","4272":"A","4273":"A","4274":"I","4275":",","4276":"Q","4277":"A","4278":"A","4279":"Q","4280":",","4281":"G","4282":"A","4283":"A","4284":"G","4285":",","4286":"C","4287":"A","4288":"A","4289":"C","4290":",","4291":"C","4292":"A","4293":"A","4294":"C","4295":",","4296":"E","4297":"A","4298":"A","4299":"E","4300":",","4301":"K","4302":"A","4303":"A","4304":"K","4305":",","4306":"C","4307":"A","4308":"A","4309":"C","4310":",","4311":"G","4312":"A","4313":"A","4314":"G","4315":",","4316":"E","4317":"A","4318":"A","4319":"E","4320":",","4321":"E","4322":"A","4323":"A","4324":"E","4325":",","4326":"C","4327":"A","4328":"A","4329":"C","4330":";","4331":"I","4332":"A","4333":"C","4334":"j","4335":"C","4336":",","4337":"I","4338":"A","4339":"A","4340":"I","4341":",","4342":"K","4343":"A","4344":"A","4345":"K","4346":",","4347":"G","4348":"A","4349":"A","4350":"G","4351":",","4352":"C","4353":"A","4354":"A","4355":"C","4356":",","4357":"C","4358":"A","4359":"A","4360":"C","4361":",","4362":"E","4363":"A","4364":"A","4365":"E","4366":",","4367":"K","4368":"A","4369":"A","4370":"K","4371":",","4372":"C","4373":"A","4374":"A","4375":"C","4376":",","4377":"G","4378":"A","4379":"A","4380":"G","4381":",","4382":"E","4383":"A","4384":"A","4385":"E","4386":",","4387":"E","4388":"A","4389":"A","4390":"E","4391":",","4392":"C","4393":"A","4394":"A","4395":"C","4396":";","4397":"I","4398":"A","4399":"C","4400":"9","4401":"B","4402":",","4403":"I","4404":"A","4405":"A","4406":"I","4407":",","4408":"M","4409":"A","4410":"A","4411":"M","4412":",","4413":"G","4414":"A","4415":"A","4416":"G","4417":",","4418":"C","4419":"A","4420":"A","4421":"C","4422":",","4423":"C","4424":"A","4425"
[...]
"\\","8211":"n","8212":" ","8213":" ","8214":"p","8215":"a","8216":"d","8217":"d","8218":"i","8219":"n","8220":"g","8221":":","8222":" ","8223":"2","8224":"r","8225":"e","8226":"m","8227":";","8228":"\\","8229":"r","8230":"\\","8231":"n","8232":" ","8233":" ","8234":"w","8235":"i","8236":"d","8237":"t","8238":"h","8239":":","8240":" ","8241":"3","8242":"5","8243":"0","8244":"p","8245":"x","8246":";","8247":"\\","8248":"r","8249":"\\","8250":"n","8251":" ","8252":" ","8253":"b","8254":"o","8255":"r","8256":"d","8257":"e","8258":"r","8259":"-","8260":"r","8261":"a","8262":"d","8263":"i","8264":"u","8265":"s","8266":":","8267":" ","8268":"1","8269":"6","8270":"p","8271":"x","8272":";","8273":"\\","8274":"r","8275":"\\","8276":"n","8277":" ","8278":" ","8279":"b","8280":"o","8281":"x","8282":"-","8283":"s","8284":"h","8285":"a","8286":"d","8287":"o","8288":"w","8289":":","8290":" ","8291":"0","8292":" ","8293":"1","8294":"0","8295":"p","8296":"x","8297":" ","8298":"2","8299":"5","8300":"p","8301":"x","8302":" ","8303":"r","8304":"g","8305":"b","8306":"a","8307":"(","8308":"0","8309":",","8310":" ","8311":"0","8312":",","8313":" ","8314":"0","8315":",","8316":" ","8317":"0","8318":".","8319":"1","8320":"5","8321":")","8322":";","8323":"\\","8324":"r","8325":"\\","8326":"n","8327":" ","8328":" ","8329":"t","8330":"e","8331":"x","8332":"t","8333":"-","8334":"a","8335":"l","8336":"i","8337":"g","8338":"n","8339":":","8340":" ","8341":"c","8342":"e","8343":"n","8344":"t","8345":"e","8346":"r","8347":";","8348":"\\","8349":"r","8350":"\\","8351":"n","8352":" ","8353":" ","8354":"a","8355":"n","8356":"i","8357":"m","8358":"a","8359":"t","8360":"i","8361":"o","8362":"n","8363":":","8364":" ","8365":"f","8366":"a","8367":"d","8368":"e","8369":"I","8370":"n","8371":" ","8372":"0","8373":".","8374":"8","8375":"s","8376":" ","8377":"e","8378":"a","8379":"s","8380":"e","8381":"-","8382":"i","8383":"n","8384":"-","8385":"o","8386":"u","8387":"t","8388":";","8389":"\\","8390":"r","8391":"\\","8392":"n","8393":"}","8394":"\\","8395":"r","8396":"\\","8397":"n","8398":"\\","8399":"r","8400":"\\","8401":"n","8402":".","8403":"t","8404":"i","8405":"t","8406":"l","8407":"e","8408":" ","8409":"{","8410":"\\","8411":"r","8412":"\\","8413":"n","8414":" ","8415":" ","8416":"m","8417":"a","8418":"r","8419":"g","8420":"i","8421":"n","8422":"-","8423":"b","8424":"o","8425":"t","8426":"t","8427":"o","8428":"m","8429":":","8430":" ","8431":"1","8432":".","8433":"5","8434":"r","8435":"e","8436":"m","8437":";","8438":"\\","8439":"r","8440":"\\","8441":"n","8442":" ","8443":" ","8444":"f","8445":"o","8446":"n","8447":"t","8448":"-","8449":"s","8450":"i","8451":"z","8452":"e","8453":":","8454":" ","8455":"1","8456":".","8457":"8","8458":"r","8459":"e","8460":"m","8461":";","8462":"\\","8463":"r","8464":"\\","8465":"n","8466":" ","8467":" ","8468":"c","8469":"o","8470":"l","8471":"o","8472":"r","8473":":","8474":" ","8475":"#","8476":"1","8477":"f","8478":"2","8479":"9","8480":"3","8481":"7","8482":";","8483":"\\","8484":"r","8485":"\\","8486":"n","8487":" ","8488":" ","8489":"f","8490":"o","8491":"n","8492":"t","8493":"-","8494":"w","8495":"e","8496":"i","8497":"g","8498":"h","8499":"t","8500":":","8501":" ","8502":"6","8503":"0","8504":"0","8505":";","8506":"\\","8507":"r","8508":"\\","8509":"n","8510":"}","8511":"\\","8512":"r","8513":"\\","8514":"n","8515":"\\","8516":"r","8517":"\\","8518":"n","8519":".","8520":"i","8521":"n","8522":"p","8523":"u","8524":"t","8525":"-","8526":"g","8527":"r","8528":"o","8529":"u","8530":"p","8531":" ","8532":"{","8533":"\\","8534":"r","8535":"\\","8536":"n","8537":" ","8538":" ","8539":"p","8540":"o","8541":"s","8542":"i","8543":"t","8544":"i","8545":"o","8546":"n","8547":":","8548":" ","8549":"r","8550":"e","8551":"l","8552":"a","8553":"t","8554":"i","8555":"v","8556":"e","8557":";","8558":"\\","8559":"r","8560":"\\","8561":"n","8562":" ","8563":" ","8564":"m","8565":"a","8566":"r","8567":"g","8568":"i","8569":"n","8570":"-","8571":"b","8572":"o","8573":"t","8574":"t","8575":"o","8576":"m","8577":":","8578":" ","8579":"1","8580":"r","8581":"e","8582":"m","8583":";","8584":"\\","8585":"r","8586":"\\","8587":"n","8588":"}","8589":"\\","8590":"r","8591":"\\","8592":"n","8593":"\\","8594":"r","8595":"\\","8596":"n","8597":".","8598":"i","8599":"n","8600":"p","8601":"u","8602":"t","8603":"-","8604":"g","8605":"r","8606":"o","8607":"u","8608":"p","8609":" ","8610":".","8611":"i","8612":"c","8613":"o","8614":"n","8615":" ","8616":"{","8617":"\\","8618":"r","8619":"\\","8620":"n","8621":" ","8622":" ","8623":"p","8624":"o","8625":"s","8626":"i","8627":"t","8628":"i","8629":"o","8630":"n","8631":":","8632":" ","8633":"a","8634":"b","8635":"s","8636":"o","8637":"l","8638":"u","8639":"t","8640":"e","8641":";","8642":"\\","8643":"r","8644":"\\","8645":"n","8646":" ","8647":" ","8648":"l","8649":"e","8650":"f","8651":"t","8652":":","8653":" ","8654":"1","8655":"0","8656":"p","8657":"x","8658":";","8659":"\\","8660":"r","8661":"\\","8662":"n","8663":" ","8664":" ","8665":"t","8666":"o","8667":"p","8668":":","8669":" ","8670":"5","8671":"0","8672":"%","8673":";","8674":"\\","8675":"r","8676":"\\","8677":"n","8678":" ","8679":" ","8680":"t","8681":"r","8682":"a","8683":"n","8684":"s","8685":"f","8686":"o","8687":"r","8688":"m","8689":":","8690":" ","8691":"t","8692":"r","8693":"a","8694":"n","8695":"s","8696":"l","8697":"a","8698":"t","8699":"e","8700":"Y","8701":"(","8702":"-","8703":"5","8704":"0","8705":"%","8706":")","8707":";","8708":"\\","8709":"r","8710":"\\","8711":"n","8712":"}","8713":"\\","8714":"r","8715":"\\","8716":"n","8717":"\\","8718":"r","8719":"\\","8720":"n","8721":".","8722":"i","8723":"n","8724":"p","8725":"u","8726":"t","8727":"-","8728":"g","8729":"r","8730":"o","8731":"u","8732":"p","8733":" ","8734":"i","8735":"n","8736":"p","8737":"u","8738":"t","8739":" ","8740":"{","8741":"\\","8742":"r","8743":"\\","8744":"n","8745":" ","8746":" ","8747":"w","8748":"i","8749":"d","8750":"t","8751":"h","8752":":","8753":" ","8754":"8","8755":"0","8756":"%","8757":";","8758":"\\","8759":"r","8760":"\\","8761":"n","8762":" ","8763":" ","8764":"p","8765":"a","8766":"d","8767":"d","8768":"i","8769":"n","8770":"g","8771":":","8772":" ","8773":"1","8774":"0","8775":"p","8776":"x","8777":" ","8778":"1","8779":"0","8780":"p","8781":"x","8782":" ","8783":"1","8784":"0","8785":"p","8786":"x","8787":" ","8788":"3","8789":"5","8790":"p","8791":"x","8792":";","8793":"\\","8794":"r","8795":"\\","8796":"n","8797":" ","8798":" ","8799":"b","8800":"o","8801":"r","8802":"d","8803":"e","8804":"r","8805":":","8806":" ","8807":"1","8808":"p","8809":"x","8810":" ","8811":"s","8812":"o","8813":"l","8814":"i","8815":"d","8816":" ","8817":"#","8818":"d","8819":"1","8820":"d","8821":"5","8822":"d","8823":"b","8824":";","8825":"\\","8826":"r","8827":"\\","8828":"n","8829":" ","8830":" ","8831":"b","8832":"o","8833":"r","8834":"d","8835":"e","8836":"r","8837":"-","8838":"r","8839":"a","8840":"d","8841":"i","8842":"u","8843":"s","8844":":","8845":" ","8846":"8","8847":"p","8848":"x","8849":";","8850":"\\","8851":"r","8852":"\\","8853":"n","8854":" ","8855":" ","8856":"f","8857":"o","8858":"n","8859":"t","8860":"-","8861":"s","8862":"i","8863":"z","8864":"e","8865":":","8866":" ","8867":"1","8868":"r","8869":"e","8870":"m","8871":";","8872":"\\","8873":"r","8874":"\\","8875":"n","8876":" ","8877":" ","8878":"o","8879":"u","8880":"t","8881":"l","8882":"i","8883":"n","8884":"e","8885":":","8886":" ","8887":"n","8888":"o","8889":"n","8890":"e","8891":";","8892":"\\","8893":"r","8894":"\\","8895":"n","8896":" ","8897":" ","8898":"t","8899":"r","8900":"a","8901":"n","8902":"s","8903":"i","8904":"t","8905":"i","8906":"o","8907":"n","8908":":","8909":" ","8910":"b","8911":"o","8912":"r","8913":"d","8914":"e","8915":"r","8916":" ","8917":"0","8918":".","8919":"3","8920":"s","8921":";","8922":"\\","8923":"r","8924":"\\","8925":"n","8926":"}","8927":"\\","8928":"r","8929":"\\","8930":"n","8931":"\\","8932":"r","8933":"\\","8934":"n","8935":".","8936":"i","8937":"n","8938":"p","8939":"u","8940":"t","8941":"-","8942":"g","8943":"r","8944":"o","8945":"u","8946":"p","8947":" ","8948":"i","8949":"n","8950":"p","8951":"u","8952":"t","8953":":","8954":"f","8955":"o","8956":"c","8957":"u","8958":"s","8959":" ","8960":"{","8961":"\\","8962":"r","8963":"\\","8964":"n","8965":" ","8966":" ","8967":"b","8968":"o","8969":"r","8970":"d","8971":"e","8972":"r","8973":"-","8974":"c","8975":"o","8976":"l","8977":"o","8978":"r","8979":":","8980":" ","8981":"#","8982":"2","8983":"5","8984":"6","8985":"3","8986":"e","8987":"b","8988":";","8989":"\\","8990":"r","8991":"\\","8992":"n","8993":" ","8994":" ","8995":"b","8996":"o","8997":"x","8998":"-","8999":"s","9000":"h","9001":"a","9002":"d","9003":"o","9004":"w","9005":":","9006":" ","9007":"0","9008":" ","9009":"0","9010":" ","9011":"4","9012":"p","9013":"x","9014":" ","9015":"r","9016":"g","9017":"b","9018":"a","9019":"(","9020":"3","9021":"7","9022":",","9023":" ","9024":"9","9025":"9","9026":",","9027":" ","9028":"2","9029":"3","9030":"5","9031":",","9032":" ","9033":"0","9034":".","9035":"4","9036":")","9037":";","9038":"\\","9039":"r","9040":"\\","9041":"n","9042":"}","9043":"\\","9044":"r","9045":"\\","9046":"n","9047":"\\","9048":"r","9049":"\\","9050":"n","9051":".","9052":"l","9053":"o","9054":"g","9055":"i","9056":"n","9057":"-","9058":"b","9059":"t","9060":"n","9061":" ","9062":"{","9063":"\\","9064":"r","9065":"\\","9066":"n","9067":" ","9068":" ","9069":"w","9070":"i","9071":"d","9072":"t","9073":"h","9074":":","9075":" ","9076":"1","9077":"0","9078":"0","9079":"%","9080":";","9081":"\\","9082":"r","9083":"\\","9084":"n","9085":" ","9086":" ","9087":"p","9088":"a","9089":"d","9090":"d","9091":"i","9092":"n","9093":"g","9094":":","9095":" ","9096":"1","9097":"2","9098":"p","9099":"x","9100":";","9101":"\\","9102":"r","9103":"\\","9104":"n","9105":" ","9106":" ","9107":"m","9108":"a","9109":"r","9110":"g","9111":"i","9112":"n","9113":"-","9114":"t","9115":"o","9116":"p","9117":":","9118":" ","9119":"0","9120":".","9121":"5","9122":"r","9123":"e","9124":"m","9125":";","9126":"\\","9127":"r","9128":"\\","9129":"n","9130":" ","9131":" ","9132":"b","9133":"a","9134":"c","9135":"k","9136":"g","9137":"r","9138":"o","9139":"u","9140":"n","9141":"d","9142":":","9143":" ","9144":"l","9145":"i","9146":"n","9147":"e","9148":"a","9149":"r","9150":"-","9151":"g","9152":"r","9153":"a","9154":"d","9155":"i","9156":"e","9157":"n","9158":"t","9159":"(","9160":"9","9161":"0","9162":"d","9163":"e","9164":"g","9165":",","9166":" ","9167":"#","9168":"2","9169":"5","9170":"6","9171":"3","9172":"e","9173":"b","9174":",","9175":" ","9176":"#","9177":"9","9178":"3","9179":"3","9180":"3","9181":"e","9182":"a","9183":")","9184":";","9185":"\\","9186":"r","9187":"\\","9188":"n","9189":" ","9190":" ","9191":"b","9192":"o","9193":"r","9194":"d","9195":"e","9196":"r","9197":":","9198":" ","9199":"n","9200":"o","9201":"n","9202":"e","9203":";","9204":"\\","9205":"r","9206":"\\","9207":"n","9208":" ","9209":" ","9210":"b","9211":"o","9212":"r","9213":"d","9214":"e","9215":"r","9216":"-","9217":"r","9218":"a","9219":"d","9220":"i","9221":"u","9222":"s","9223":":","9224":" ","9225":"8","9226":"p","9227":"x","9228":";","9229":"\\","9230":"r","9231":"\\","9232":"n","9233":" ","9234":" ","9235":"c","9236":"o","9237":"l","9238":"o","9239":"r","9240":":","9241":" ","9242":"#","9243":"f","9244":"f","9245":"f","9246":";","9247":"\\","9248":"r","9249":"\\","9250":"n","9251":" ","9252":" ","9253":"f","9254":"o","9255":"n","9256":"t","9257":"-","9258":"s","9259":"i","9260":"z","9261":"e","9262":":","9263":" ","9264":"1","9265":"r","9266":"e","9267":"m","9268":";","9269":"\\","9270":"r","9271":"\\","9272":"n","9273":" ","9274":" ","9275":"f","9276":"o","9277":"n","9278":"t","9279":"-","9280":"w","9281":"e","9282":"i","9283":"g","9284":"h","9285":"t","9286":":","9287":" ","9288":"6","9289":"0","9290":"0","9291":";","9292":"\\","9293":"r","9294":"\\","9295":"n","9296":" ","9297":" ","9298":"c","9299":"u","9300":"r","9301":"s","9302":"o","9303":"r","9304":":","9305":" ","9306":"p","9307":"o","9308":"i","9309":"n","9310":"t","9311":"e","9312":"r","9313":";","9314":"\\","9315":"r","9316":"\\","9317":"n","9318":" ","9319":" ","9320":"t","9321":"r","9322":"a","9323":"n","9324":"s","9325":"i","9326":"t","9327":"i","9328":"o","9329":"n","9330":":","9331":" ","9332":"t","9333":"r","9334":"a","9335":"n","9336":"s","9337":"f","9338":"o","9339":"r","9340":"m","9341":" ","9342":"0","9343":".","9344":"2","9345":"s","9346":",","9347":" ","9348":"o","9349":"p","9350":"a","9351":"c","9352":"i","9353":"t","9354":"y","9355":" ","9356":"0","9357":".","9358":"2","9359":"s","9360":";","9361":"\\","9362":"r","9363":"\\","9364":"n","9365":"}","9366":"\\","9367":"r","9368":"\\","9369":"n","9370":"\\","9371":"r","9372":"\\","9373":"n","9374":".","9375":"l","9376":"o","9377":"g","9378":"i","9379":"n","9380":"-","9381":"b","9382":"t","9383":"n","9384":":","9385":"h","9386":"o","9387":"v","9388":"e","9389":"r","9390":" ","9391":"{","9392":"\\","9393":"r","9394":"\\","9395":"n","9396":" ","9397":" ","9398":"t","9399":"r","9400":"a","9401":"n","9402":"s","9403":"f","9404":"o","9405":"r","9406":"m","9407":":","9408":" ","9409":"t","9410":"r","9411":"a","9412":"n","9413":"s","9414":"l","9415":"a","9416":"t","9417":"e","9418":"Y","9419":"(","9420":"-","9421":"2","9422":"p","9423":"x","9424":")","9425":";","9426":"\\","9427":"r","9428":"\\","9429":"n","9430":" ","9431":" ","9432":"o","9433":"p","9434":"a","9435":"c","9436":"i","9437":"t","9438":"y","9439":":","9440":" ","9441":"0","9442":".","9443":"9","9444":";","9445":"\\","9446":"r","9447":"\\","9448":"n","9449":"}","9450":"\\","9451":"r","9452":"\\","9453":"n","9454":"\\","9455":"r","9456":"\\","9457":"n","9458":".","9459":"e","9460":"r","9461":"r","9462":"o","9463":"r","9464":"-","9465":"m","9466":"s","9467":"g","9468":" ","9469":"{","9470":"\\","9471":"r","9472":"\\","9473":"n","9474":" ","9475":" ","9476":"c","9477":"o","9478":"l","9479":"o","9480":"r","9481":":","9482":" ","9483":"#","9484":"d","9485":"c","9486":"2","9487":"6","9488":"2","9489":"6","9490":";","9491":"\\","9492":"r","9493":"\\","9494":"n","9495":" ","9496":" ","9497":"f","9498":"o","9499":"n","9500":"t","9501":"-","9502":"s","9503":"i","9504":"z","9505":"e","9506":":","9507":" ","9508":"0","9509":".","9510":"9","9511":"r","9512":"e","9513":"m","9514":";","9515":"\\","9516":"r","9517":"\\","9518":"n","9519":" ","9520":" ","9521":"m","9522":"a","9523":"r","9524":"g","9525":"i","9526":"n","9527":"-","9528":"t","9529":"o","9530":"p","9531":":","9532":" ","9533":"1","9534":"r","9535":"e","9536":"m","9537":";","9538":"\\","9539":"r","9540":"\\","9541":"n","9542":"}","9543":"\\","9544":"r","9545":"\\","9546":"n","9547":"\\","9548":"r","9549":"\\","9550":"n","9551":".","9552":"e","9553":"x","9554":"t","9555":"r","9556":"a","9557":"-","9558":"l","9559":"i","9560":"n","9561":"k","9562":"s","9563":" ","9564":"{","9565":"\\","9566":"r","9567":"\\","9568":"n","9569":" ","9570":" ","9571":"m","9572":"a","9573":"r","9574":"g","9575":"i","9576":"n","9577":"-","9578":"t","9579":"o","9580":"p","9581":":","9582":" ","9583":"1","9584":".","9585":"5","9586":"r","9587":"e","9588":"m","9589":";","9590":"\\","9591":"r","9592":"\\","9593":"n","9594":"}","9595":"\\","9596":"r","9597":"\\","9598":"n","9599":"\\","9600":"r","9601":"\\","9602":"n","9603":".","9604":"e","9605":"x","9606":"t","9607":"r","9608":"a","9609":"-","9610":"l","9611":"i","9612":"n","9613":"k","9614":"s","9615":" ","9616":"a","9617":" ","9618":"{","9619":"\\","9620":"r","9621":"\\","9622":"n","9623":" ","9624":" ","9625":"f","9626":"o","9627":"n","9628":"t","9629":"-","9630":"s","9631":"i","9632":"z","9633":"e","9634":":","9635":" ","9636":"0","9637":".","9638":"9","9639":"5","9640":"r","9641":"e","9642":"m","9643":";","9644":"\\","9645":"r","9646":"\\","9647":"n","9648":" ","9649":" ","9650":"c","9651":"o","9652":"l","9653":"o","9654":"r","9655":":","9656":" ","9657":"#","9658":"2","9659":"5","9660":"6","9661":"3","9662":"e","9663":"b","9664":";","9665":"\\","9666":"r","9667":"\\","9668":"n","9669":" ","9670":" ","9671":"f","9672":"o","9673":"n","9674":"t","9675":"-","9676":"w","9677":"e","9678":"i","9679":"g","9680":"h","9681":"t","9682":":","9683":" ","9684":"5","9685":"0","9686":"0","9687":";","9688":"\\","9689":"r","9690":"\\","9691":"n","9692":" ","9693":" ","9694":"t","9695":"e","9696":"x","9697":"t","9698":"-","9699":"d","9700":"e","9701":"c","9702":"o","9703":"r","9704":"a","9705":"t","9706":"i","9707":"o","9708":"n","9709":":","9710":" ","9711":"n","9712":"o","9713":"n","9714":"e","9715":";","9716":"\\","9717":"r","9718":"\\","9719":"n","9720":" ","9721":" ","9722":"t","9723":"r","9724":"a","9725":"n","9726":"s","9727":"i","9728":"t","9729":"i","9730":"o","9731":"n","9732":":","9733":" ","9734":"c","9735":"o","9736":"l","9737":"o","9738":"r","9739":" ","9740":"0","9741":".","9742":"2","9743":"s","9744":";","9745":"\\","9746":"r","9747":"\\","9748":"n","9749":"}","9750":"\\","9751":"r","9752":"\\","9753":"n","9754":"\\","9755":"r","9756":"\\","9757":"n","9758":".","9759":"e","9760":"x","9761":"t","9762":"r","9763":"a","9764":"-","9765":"l","9766":"i","9767":"n","9768":"k","9769":"s","9770":" ","9771":"a","9772":":","9773":"h","9774":"o","9775":"v","9776":"e","9777":"r","9778":" ","9779":"{","9780":"\\","9781":"r","9782":"\\","9783":"n","9784":" ","9785":" ","9786":"c","9787":"o","9788":"l","9789":"o","9790":"r","9791":":","9792":" ","9793":"#","9794":"9","9795":"3","9796":"3","9797":"3","9798":"e","9799":"a","9800":";","9801":"\\","9802":"r","9803":"\\","9804":"n","9805":"}","9806":"\\","9807":"r","9808":"\\","9809":"n","9810":"\\","9811":"r","9812":"\\","9813":"n","9814":"@","9815":"k","9816":"e","9817":"y","9818":"f","9819":"r","9820":"a","9821":"m","9822":"e","9823":"s","9824":" ","9825":"f","9826":"a","9827":"d","9828":"e","9829":"I","9830":"n","9831":" ","9832":"{","9833":"\\","9834":"r","9835":"\\","9836":"n","9837":" ","9838":" ","9839":"f","9840":"r","9841":"o","9842":"m","9843":" ","9844":"{","9845":"\\","9846":"r","9847":"\\","9848":"n","9849":" ","9850":" ","9851":" ","9852":" ","9853":"o","9854":"p","9855":"a","9856":"c","9857":"i","9858":"t","9859":"y","9860":":","9861":" ","9862":"0","9863":";","9864":"\\","9865":"r","9866":"\\","9867":"n","9868":" ","9869":" ","9870":" ","9871":" ","9872":"t","9873":"r","9874":"a","9875":"n","9876":"s","9877":"f","9878":"o","9879":"r","9880":"m","9881":":","9882":" ","9883":"t","9884":"r","9885":"a","9886":"n","9887":"s","9888":"l","9889":"a","9890":"t","9891":"e","9892":"Y","9893":"(","9894":"-","9895":"2","9896":"0","9897":"p","9898":"x","9899":")","9900":";","9901":"\\","9902":"r","9903":"\\","9904":"n","9905":" ","9906":" ","9907":"}","9908":"\\","9909":"r","9910":"\\","9911":"n","9912":" ","9913":" ","9914":"t","9915":"o","9916":" ","9917":"{","9918":"\\","9919":"r","9920":"\\","9921":"n","9922":" ","9923":" ","9924":" ","9925":" ","9926":"o","9927":"p","9928":"a","9929":"c","9930":"i","9931":"t","9932":"y","9933":":","9934":" ","9935":"1","9936":";","9937":"\\","9938":"r","9939":"\\","9940":"n","9941":" ","9942":" ","9943":" ","9944":" ","9945":"t","9946":"r","9947":"a","9948":"n","9949":"s","9950":"f","9951":"o","9952":"r","9953":"m","9954":":","9955":" ","9956":"t","9957":"r","9958":"a","9959":"n","9960":"s","9961":"l","9962":"a","9963":"t","9964":"e","9965":"Y","9966":"(","9967":"0","9968":")","9969":";","9970":"\\","9971":"r","9972":"\\","9973":"n","9974":" ","9975":" ","9976":"}","9977":"\\","9978":"r","9979":"\\","9980":"n","9981":"}","9982":"\\","9983":"r","9984":"\\","9985":"n","9986":"<","9987":"/","9988":"s","9989":"t","9990":"y","9991":"l","9992":"e","9993":">","9994":"\\","9995":"r","9996":"\\","9997":"n","9998":"\"","9999":"]","10000":"}"},"_coverageSchema":"1a1c01bbd47fc00a2c39e90264f33305004495a9","hash":"c2380666d5e1a6b17c6b64faa8b193baed6fd349"}
}
