TN:
SF:src\components\Views\Login.vue
FN:3,(anonymous_0)
FN:4,adopt
FN:5,(anonymous_2)
FN:9,(anonymous_3)
FN:10,fulfilled
FN:17,rejected
FN:24,step
FN:30,(anonymous_7)
FN:33,(anonymous_8)
FN:44,(anonymous_9)
FN:47,verb
FN:48,(anonymous_11)
FN:52,step
FN:114,(anonymous_13)
FN:128,(anonymous_14)
FN:137,(anonymous_15)
FN:138,(anonymous_16)
FN:141,(anonymous_17)
FN:203,(anonymous_18)
FN:224,render
FN:236,(anonymous_20)
FN:248,(anonymous_21)
FN:268,(anonymous_22)
FNF:23
FNH:21
FNDA:2,(anonymous_0)
FNDA:2,adopt
FNDA:0,(anonymous_2)
FNDA:2,(anonymous_3)
FNDA:1,fulfilled
FNDA:1,rejected
FNDA:4,step
FNDA:2,(anonymous_7)
FNDA:3,(anonymous_8)
FNDA:0,(anonymous_9)
FNDA:6,verb
FNDA:4,(anonymous_11)
FNDA:4,step
FNDA:1,(anonymous_13)
FNDA:3,(anonymous_14)
FNDA:2,(anonymous_15)
FNDA:2,(anonymous_16)
FNDA:7,(anonymous_17)
FNDA:3,(anonymous_18)
FNDA:8,render
FNDA:2,(anonymous_20)
FNDA:2,(anonymous_21)
FNDA:3,(anonymous_22)
DA:3,1
DA:5,2
DA:6,0
DA:9,2
DA:11,1
DA:12,1
DA:14,0
DA:18,1
DA:19,1
DA:21,0
DA:25,4
DA:27,2
DA:30,1
DA:31,2
DA:34,3
DA:35,2
DA:43,2
DA:44,2
DA:45,0
DA:48,6
DA:49,4
DA:53,4
DA:54,13
DA:55,13
DA:56,13
DA:57,13
DA:60,4
DA:61,4
DA:63,2
DA:64,2
DA:69,0
DA:70,0
DA:71,0
DA:72,0
DA:74,0
DA:75,0
DA:76,0
DA:78,7
DA:79,2
DA:80,2
DA:82,5
DA:83,2
DA:84,2
DA:86,3
DA:87,1
DA:88,1
DA:89,1
DA:91,2
DA:92,0
DA:93,0
DA:94,0
DA:96,2
DA:97,2
DA:98,2
DA:100,7
DA:102,1
DA:103,1
DA:105,13
DA:107,2
DA:108,2
DA:114,1
DA:115,1
DA:119,1
DA:122,1
DA:123,1
DA:124,1
DA:125,1
DA:126,1
DA:129,3
DA:130,3
DA:131,3
DA:132,3
DA:133,3
DA:134,3
DA:135,3
DA:137,3
DA:138,2
DA:141,2
DA:142,7
DA:144,2
DA:145,2
DA:149,2
DA:153,2
DA:154,1
DA:155,1
DA:157,1
DA:158,1
DA:159,1
DA:160,1
DA:162,1
DA:163,1
DA:164,0
DA:165,0
DA:166,0
DA:167,0
DA:174,0
DA:176,1
DA:178,1
DA:179,1
DA:180,1
DA:181,1
DA:183,2
DA:188,3
DA:195,3
DA:199,3
DA:203,1
DA:204,3
DA:205,3
DA:206,0
DA:207,0
DA:210,3
DA:212,1
DA:213,1
DA:214,1
DA:215,1
DA:216,1
DA:217,1
DA:218,1
DA:219,1
DA:223,1
DA:225,8
DA:226,8
DA:236,2
DA:248,2
DA:268,3
DA:277,1
LF:126
LH:105
BRDA:3,0,0,1
BRDA:3,0,1,1
BRDA:3,0,2,1
BRDA:5,1,0,2
BRDA:5,1,1,0
BRDA:9,2,0,2
BRDA:9,2,1,0
BRDA:25,3,0,2
BRDA:25,3,1,2
BRDA:27,4,0,2
BRDA:27,4,1,2
BRDA:30,5,0,1
BRDA:30,5,1,1
BRDA:30,5,2,1
BRDA:34,6,0,1
BRDA:34,6,1,2
BRDA:43,7,0,2
BRDA:43,7,1,0
BRDA:44,8,0,2
BRDA:44,8,1,2
BRDA:53,9,0,0
BRDA:53,9,1,4
BRDA:54,10,0,15
BRDA:54,10,1,2
BRDA:54,11,0,2
BRDA:54,11,1,0
BRDA:55,12,0,0
BRDA:55,12,1,13
BRDA:55,13,0,13
BRDA:55,13,1,0
BRDA:55,13,2,0
BRDA:55,14,0,0
BRDA:55,14,1,0
BRDA:55,15,0,0
BRDA:55,15,1,0
BRDA:55,16,0,0
BRDA:55,16,1,0
BRDA:55,17,0,0
BRDA:55,17,1,0
BRDA:56,18,0,0
BRDA:56,18,1,13
BRDA:57,19,0,3
BRDA:57,19,1,4
BRDA:57,19,2,2
BRDA:57,19,3,0
BRDA:57,19,4,0
BRDA:57,19,5,7
BRDA:78,20,0,2
BRDA:78,20,1,5
BRDA:78,21,0,7
BRDA:78,21,1,4
BRDA:78,21,2,4
BRDA:78,22,0,7
BRDA:78,22,1,3
BRDA:82,23,0,2
BRDA:82,23,1,3
BRDA:82,24,0,5
BRDA:82,24,1,4
BRDA:82,24,2,2
BRDA:82,24,3,2
BRDA:86,25,0,1
BRDA:86,25,1,2
BRDA:86,26,0,3
BRDA:86,26,1,1
BRDA:91,27,0,0
BRDA:91,27,1,2
BRDA:91,28,0,2
BRDA:91,28,1,2
BRDA:96,29,0,0
BRDA:96,29,1,2
BRDA:107,30,0,0
BRDA:107,30,1,2
BRDA:109,31,0,2
BRDA:109,31,1,0
BRDA:114,32,0,1
BRDA:114,32,1,1
BRDA:114,32,2,1
BRDA:115,33,0,0
BRDA:115,33,1,1
BRDA:115,34,0,1
BRDA:115,34,1,1
BRDA:142,35,0,2
BRDA:142,35,1,2
BRDA:142,35,2,1
BRDA:142,35,3,2
BRDA:155,36,0,1
BRDA:155,36,1,0
BRDA:155,37,0,0
BRDA:155,37,1,1
BRDA:155,38,0,1
BRDA:155,38,1,1
BRDA:159,39,0,1
BRDA:159,39,1,0
BRDA:159,40,0,1
BRDA:159,40,1,1
BRDA:160,41,0,1
BRDA:160,41,1,0
BRDA:160,42,0,1
BRDA:160,42,1,1
BRDA:162,43,0,1
BRDA:162,43,1,0
BRDA:164,44,0,0
BRDA:164,44,1,0
BRDA:166,45,0,0
BRDA:166,45,1,0
BRDA:174,46,0,0
BRDA:174,46,1,0
BRDA:174,47,0,0
BRDA:174,47,1,0
BRDA:174,48,0,0
BRDA:174,48,1,0
BRDA:174,49,0,0
BRDA:174,49,1,0
BRDA:203,50,0,1
BRDA:203,50,1,1
BRDA:203,50,2,1
BRDA:204,51,0,3
BRDA:204,51,1,0
BRDA:204,52,0,3
BRDA:204,52,1,0
BRDA:205,53,0,0
BRDA:205,53,1,3
BRDA:205,54,0,3
BRDA:205,54,1,3
BRDA:206,55,0,0
BRDA:206,55,1,0
BRDA:210,56,0,3
BRDA:210,56,1,3
BRDA:228,57,0,8
BRDA:228,57,1,3
BRDA:234,58,0,8
BRDA:234,58,1,3
BRDA:236,59,0,8
BRDA:236,59,1,3
BRDA:246,60,0,8
BRDA:246,60,1,3
BRDA:248,61,0,8
BRDA:248,61,1,3
BRDA:257,62,0,8
BRDA:257,62,1,3
BRDA:262,63,0,1
BRDA:262,63,1,7
BRDA:268,64,0,3
BRDA:268,64,1,3
BRF:144
BRH:98
end_of_record
